2025-11-10 16:14:40,536 ERROR frappe New Exception collected in error log
Site: crm.localhost
Form Dict: {'args': '{"currency":"INR","country":"India","timezone":"Asia/Kolkata","language":"English","full_name":"Piyush Rai","email":"piyush.grandortus@gmail.com","password":"Piyush@9955","company_name":"Arojima Food Pvt Ltd","company_abbr":"AFPL","chart_of_accounts":"India - Chart of Accounts","fy_start_date":"2025-04-01","fy_end_date":"2026-03-31","setup_demo":1}', 'cmd': 'frappe.desk.page.setup_wizard.setup_wizard.setup_complete'}
2025-11-10 16:19:01,962 ERROR frappe New Exception collected in error log
Site: crm.localhost
Form Dict: {'args': '{"currency":"INR","country":"India","timezone":"Asia/Kolkata","language":"English","full_name":"Piyush Rai","email":"piyush.grandortus@gmail.com","password":"Piyush@9955","company_name":"Arojima Food Private Limited","company_abbr":"AFPL","chart_of_accounts":"India - Chart of Accounts","fy_start_date":"2025-04-01","fy_end_date":"2026-03-31","setup_demo":1}', 'cmd': 'frappe.desk.page.setup_wizard.setup_wizard.setup_complete'}
2025-11-27 06:46:41,793 ERROR frappe New Exception collected in error log
Site: crm.localhost
Form Dict: {'user': 'akanksha@grandortus.com', 'cmd': 'frappe.core.doctype.user.user.reset_password'}
2025-11-29 06:25:13,008 ERROR frappe New Exception collected in error log
Site: crm.localhost
Form Dict: {}
2025-11-29 06:25:13,498 ERROR frappe New Exception collected in error log
Site: crm.localhost
Form Dict: {}
2025-11-29 06:28:55,064 ERROR frappe New Exception collected in error log
Site: crm.localhost
Form Dict: {}
2025-11-29 06:28:55,429 ERROR frappe New Exception collected in error log
Site: crm.localhost
Form Dict: {}
2025-11-29 07:04:47,360 ERROR frappe New Exception collected in error log
Site: crm.localhost
Form Dict: {}
2025-11-29 07:04:47,737 ERROR frappe New Exception collected in error log
Site: crm.localhost
Form Dict: {}
2025-11-29 07:04:52,443 ERROR frappe New Exception collected in error log
Site: crm.localhost
Form Dict: {}
2025-11-29 07:04:52,756 ERROR frappe New Exception collected in error log
Site: crm.localhost
Form Dict: {}
2025-11-29 07:20:07,645 ERROR frappe New Exception collected in error log
Site: crm.localhost
Form Dict: {}
2025-11-29 07:20:08,268 ERROR frappe New Exception collected in error log
Site: crm.localhost
Form Dict: {}
2025-11-29 07:21:05,028 ERROR frappe New Exception collected in error log
Site: crm.localhost
Form Dict: {}
2025-11-29 07:21:05,514 ERROR frappe New Exception collected in error log
Site: crm.localhost
Form Dict: {}
2025-11-29 08:46:17,895 ERROR frappe New Exception collected in error log
Site: crm.localhost
Form Dict: {}
2025-11-29 08:46:18,263 ERROR frappe New Exception collected in error log
Site: crm.localhost
Form Dict: {}
2025-11-29 09:12:34,484 ERROR frappe New Exception collected in error log
Site: crm.localhost
Form Dict: {}
2025-11-29 09:12:35,137 ERROR frappe New Exception collected in error log
Site: crm.localhost
Form Dict: {}
2025-11-29 09:28:13,521 ERROR frappe New Exception collected in error log
Site: crm.localhost
Form Dict: {}
2025-11-29 09:28:13,954 ERROR frappe New Exception collected in error log
Site: crm.localhost
Form Dict: {}
2025-11-29 09:31:25,297 ERROR frappe New Exception collected in error log
Site: crm.localhost
Form Dict: {}
2025-11-29 09:31:25,587 ERROR frappe New Exception collected in error log
Site: crm.localhost
Form Dict: {}
2025-11-29 09:31:27,999 ERROR frappe New Exception collected in error log
Site: crm.localhost
Form Dict: {}
2025-11-29 09:31:28,232 ERROR frappe New Exception collected in error log
Site: crm.localhost
Form Dict: {}
2025-11-29 09:42:50,981 ERROR frappe New Exception collected in error log
Site: crm.localhost
Form Dict: {}
2025-11-29 09:42:51,484 ERROR frappe New Exception collected in error log
Site: crm.localhost
Form Dict: {}
2025-11-29 09:42:58,776 ERROR frappe New Exception collected in error log
Site: crm.localhost
Form Dict: {}
2025-11-29 09:42:59,043 ERROR frappe New Exception collected in error log
Site: crm.localhost
Form Dict: {}
2025-11-29 09:43:02,919 ERROR frappe New Exception collected in error log
Site: crm.localhost
Form Dict: {}
2025-11-29 09:43:03,201 ERROR frappe New Exception collected in error log
Site: crm.localhost
Form Dict: {}
2025-11-29 09:43:04,662 ERROR frappe New Exception collected in error log
Site: crm.localhost
Form Dict: {}
2025-11-29 09:43:04,950 ERROR frappe New Exception collected in error log
Site: crm.localhost
Form Dict: {}
2025-11-29 09:43:07,034 ERROR frappe New Exception collected in error log
Site: crm.localhost
Form Dict: {}
2025-11-29 09:43:07,349 ERROR frappe New Exception collected in error log
Site: crm.localhost
Form Dict: {}
2025-11-29 09:43:29,407 ERROR frappe New Exception collected in error log
Site: crm.localhost
Form Dict: {}
2025-11-29 09:43:29,686 ERROR frappe New Exception collected in error log
Site: crm.localhost
Form Dict: {}
2025-11-29 09:43:31,080 ERROR frappe New Exception collected in error log
Site: crm.localhost
Form Dict: {}
2025-11-29 09:43:31,366 ERROR frappe New Exception collected in error log
Site: crm.localhost
Form Dict: {}
2025-11-29 09:44:17,656 ERROR frappe New Exception collected in error log
Site: crm.localhost
Form Dict: {}
2025-11-29 09:44:17,931 ERROR frappe New Exception collected in error log
Site: crm.localhost
Form Dict: {}
2025-11-29 10:02:12,515 ERROR frappe New Exception collected in error log
Site: crm.localhost
Form Dict: {}
2025-11-29 10:02:13,198 ERROR frappe New Exception collected in error log
Site: crm.localhost
Form Dict: {}
2025-11-29 10:02:16,290 ERROR frappe New Exception collected in error log
Site: crm.localhost
Form Dict: {}
2025-11-29 10:02:16,594 ERROR frappe New Exception collected in error log
Site: crm.localhost
Form Dict: {}
2025-11-29 10:02:50,722 ERROR frappe New Exception collected in error log
Site: crm.localhost
Form Dict: {}
2025-11-29 10:02:51,095 ERROR frappe New Exception collected in error log
Site: crm.localhost
Form Dict: {}
2025-11-29 10:06:59,832 ERROR frappe New Exception collected in error log
Site: crm.localhost
Form Dict: {}
2025-11-29 10:07:00,095 ERROR frappe New Exception collected in error log
Site: crm.localhost
Form Dict: {}
2025-11-29 10:09:28,154 ERROR frappe New Exception collected in error log
Site: crm.localhost
Form Dict: {}
2025-11-29 10:09:28,506 ERROR frappe New Exception collected in error log
Site: crm.localhost
Form Dict: {}
2025-11-29 10:15:29,932 ERROR frappe New Exception collected in error log
Site: crm.localhost
Form Dict: {}
2025-11-29 10:15:30,298 ERROR frappe New Exception collected in error log
Site: crm.localhost
Form Dict: {}
2025-11-29 10:21:16,821 ERROR frappe New Exception collected in error log
Site: crm.localhost
Form Dict: {}
2025-11-29 10:21:17,243 ERROR frappe New Exception collected in error log
Site: crm.localhost
Form Dict: {}
2025-11-29 10:25:41,374 ERROR frappe New Exception collected in error log
Site: crm.localhost
Form Dict: {}
2025-11-29 10:25:42,018 ERROR frappe New Exception collected in error log
Site: crm.localhost
Form Dict: {}
2025-11-29 10:25:42,112 ERROR frappe New Exception collected in error log
Site: crm.localhost
Form Dict: {}
2025-11-29 10:25:42,466 ERROR frappe New Exception collected in error log
Site: crm.localhost
Form Dict: {}
2025-11-29 10:26:44,119 ERROR frappe New Exception collected in error log
Site: crm.localhost
Form Dict: {}
2025-11-29 10:26:44,495 ERROR frappe New Exception collected in error log
Site: crm.localhost
Form Dict: {}
2025-11-29 10:30:29,318 ERROR frappe New Exception collected in error log
Site: crm.localhost
Form Dict: {}
2025-11-29 10:30:29,710 ERROR frappe New Exception collected in error log
Site: crm.localhost
Form Dict: {}
2025-11-29 10:34:42,420 ERROR frappe New Exception collected in error log
Site: crm.localhost
Form Dict: {}
2025-11-29 10:34:43,130 ERROR frappe New Exception collected in error log
Site: crm.localhost
Form Dict: {}
2025-12-01 07:00:34,467 ERROR frappe Unable to load translations
Site: crm.localhost
Form Dict: {}
Traceback (most recent call last):
  File "/home/piyush/frappe-env/frappe-bench/apps/frappe/frappe/utils/caching.py", line 65, in wrapper
    return _cache[func][args_key]
           ~~~~~~~~~~~~^^^^^^^^^^
KeyError: ((), <object object at 0x710759920f80>, frozenset({('_ensure_on_bench', True)}))

During handling of the above exception, another exception occurred:

Traceback (most recent call last):
  File "/home/piyush/frappe-env/frappe-bench/apps/frappe/frappe/app.py", line 102, in application
    init_request(request)
  File "/home/piyush/frappe-env/frappe-bench/apps/frappe/frappe/app.py", line 178, in init_request
    frappe.init(site, sites_path=_sites_path, force=True)
  File "/home/piyush/frappe-env/frappe-bench/apps/frappe/frappe/__init__.py", line 208, in init
    setup_module_map(include_all_apps=not (frappe.request or frappe.job or frappe.flags.in_migrate))
  File "/home/piyush/frappe-env/frappe-bench/apps/frappe/frappe/__init__.py", line 1036, in setup_module_map
    apps = get_installed_apps(_ensure_on_bench=True)
           ^^^^^^^^^^^^^^^^^^^^^^^^^^^^^^^^^^^^^^^^^
  File "/home/piyush/frappe-env/frappe-bench/apps/frappe/frappe/utils/caching.py", line 71, in wrapper
    return_val = func(*args, **kwargs)
                 ^^^^^^^^^^^^^^^^^^^^^
  File "/home/piyush/frappe-env/frappe-bench/apps/frappe/frappe/__init__.py", line 916, in get_installed_apps
    installed = orjson.loads(db.get_global("installed_apps") or "[]")
                             ^^^^^^^^^^^^^^^^^^^^^^^^^^^^^^^
  File "/home/piyush/frappe-env/frappe-bench/apps/frappe/frappe/database/database.py", line 1144, in get_global
    return self.get_default(key, user)
           ^^^^^^^^^^^^^^^^^^^^^^^^^^^
  File "/home/piyush/frappe-env/frappe-bench/apps/frappe/frappe/database/database.py", line 1148, in get_default
    d = self.get_defaults(key, parent)
        ^^^^^^^^^^^^^^^^^^^^^^^^^^^^^^
  File "/home/piyush/frappe-env/frappe-bench/apps/frappe/frappe/database/database.py", line 1164, in get_defaults
    defaults = frappe.defaults.get_defaults_for(parent)
               ^^^^^^^^^^^^^^^^^^^^^^^^^^^^^^^^^^^^^^^^
  File "/home/piyush/frappe-env/frappe-bench/apps/frappe/frappe/defaults.py", line 249, in get_defaults_for
    .run(as_dict=True)
     ^^^^^^^^^^^^^^^^^
  File "/home/piyush/frappe-env/frappe-bench/apps/frappe/frappe/query_builder/utils.py", line 85, in execute_query
    result = frappe.local.db.sql(query, params, *args, **kwargs)  # nosemgrep
             ^^^^^^^^^^^^^^^^^^^^^^^^^^^^^^^^^^^^^^^^^^^^^^^^^^^
  File "/home/piyush/frappe-env/frappe-bench/apps/frappe/frappe/database/database.py", line 249, in sql
    self.connect()
  File "/home/piyush/frappe-env/frappe-bench/apps/frappe/frappe/database/database.py", line 147, in connect
    self.get_connection()
  File "/home/piyush/frappe-env/frappe-bench/apps/frappe/frappe/database/mariadb/mysqlclient.py", line 109, in get_connection
    conn = self._get_connection()
           ^^^^^^^^^^^^^^^^^^^^^^
  File "/home/piyush/frappe-env/frappe-bench/apps/frappe/frappe/database/mariadb/mysqlclient.py", line 114, in _get_connection
    return self.create_connection()
           ^^^^^^^^^^^^^^^^^^^^^^^^
  File "/home/piyush/frappe-env/frappe-bench/apps/frappe/frappe/database/mariadb/mysqlclient.py", line 117, in create_connection
    return MySQLdb.connect(**self.get_connection_settings())
           ^^^^^^^^^^^^^^^^^^^^^^^^^^^^^^^^^^^^^^^^^^^^^^^^^
  File "/home/piyush/frappe-env/frappe-bench/env/lib/python3.12/site-packages/MySQLdb/__init__.py", line 121, in Connect
    return Connection(*args, **kwargs)
           ^^^^^^^^^^^^^^^^^^^^^^^^^^^
  File "/home/piyush/frappe-env/frappe-bench/env/lib/python3.12/site-packages/MySQLdb/connections.py", line 200, in __init__
    super().__init__(*args, **kwargs2)
MySQLdb.OperationalError: (1045, "Access denied for user '_04d60aa677a7cd37'@'localhost' (using password: YES)")

During handling of the above exception, another exception occurred:

Traceback (most recent call last):
  File "/home/piyush/frappe-env/frappe-bench/apps/frappe/frappe/utils/caching.py", line 65, in wrapper
    return _cache[func][args_key]
           ~~~~~~~~~~~~^^^^^^^^^^
KeyError: ((), <object object at 0x710759920f80>, frozenset({('_ensure_on_bench', True)}))

During handling of the above exception, another exception occurred:

Traceback (most recent call last):
  File "/home/piyush/frappe-env/frappe-bench/apps/frappe/frappe/translate.py", line 174, in get_all_translations
    return frappe.cache.hget(MERGED_TRANSLATION_KEY, lang, generator=_merge_translations)
           ^^^^^^^^^^^^^^^^^^^^^^^^^^^^^^^^^^^^^^^^^^^^^^^^^^^^^^^^^^^^^^^^^^^^^^^^^^^^^^
  File "/home/piyush/frappe-env/frappe-bench/apps/frappe/frappe/utils/redis_wrapper.py", line 253, in hget
    value = generator()
            ^^^^^^^^^^^
  File "/home/piyush/frappe-env/frappe-bench/apps/frappe/frappe/translate.py", line 162, in _merge_translations
    all_translations.update(get_translations_from_apps(lang))
                            ^^^^^^^^^^^^^^^^^^^^^^^^^^^^^^^^
  File "/home/piyush/frappe-env/frappe-bench/apps/frappe/frappe/translate.py", line 189, in get_translations_from_apps
    for app in apps or frappe.get_installed_apps(_ensure_on_bench=True):
                       ^^^^^^^^^^^^^^^^^^^^^^^^^^^^^^^^^^^^^^^^^^^^^^^^
  File "/home/piyush/frappe-env/frappe-bench/apps/frappe/frappe/utils/caching.py", line 71, in wrapper
    return_val = func(*args, **kwargs)
                 ^^^^^^^^^^^^^^^^^^^^^
  File "/home/piyush/frappe-env/frappe-bench/apps/frappe/frappe/__init__.py", line 916, in get_installed_apps
    installed = orjson.loads(db.get_global("installed_apps") or "[]")
                             ^^^^^^^^^^^^^^^^^^^^^^^^^^^^^^^
  File "/home/piyush/frappe-env/frappe-bench/apps/frappe/frappe/database/database.py", line 1144, in get_global
    return self.get_default(key, user)
           ^^^^^^^^^^^^^^^^^^^^^^^^^^^
  File "/home/piyush/frappe-env/frappe-bench/apps/frappe/frappe/database/database.py", line 1148, in get_default
    d = self.get_defaults(key, parent)
        ^^^^^^^^^^^^^^^^^^^^^^^^^^^^^^
  File "/home/piyush/frappe-env/frappe-bench/apps/frappe/frappe/database/database.py", line 1164, in get_defaults
    defaults = frappe.defaults.get_defaults_for(parent)
               ^^^^^^^^^^^^^^^^^^^^^^^^^^^^^^^^^^^^^^^^
  File "/home/piyush/frappe-env/frappe-bench/apps/frappe/frappe/defaults.py", line 249, in get_defaults_for
    .run(as_dict=True)
     ^^^^^^^^^^^^^^^^^
  File "/home/piyush/frappe-env/frappe-bench/apps/frappe/frappe/query_builder/utils.py", line 85, in execute_query
    result = frappe.local.db.sql(query, params, *args, **kwargs)  # nosemgrep
             ^^^^^^^^^^^^^^^^^^^^^^^^^^^^^^^^^^^^^^^^^^^^^^^^^^^
  File "/home/piyush/frappe-env/frappe-bench/apps/frappe/frappe/database/database.py", line 249, in sql
    self.connect()
  File "/home/piyush/frappe-env/frappe-bench/apps/frappe/frappe/database/database.py", line 147, in connect
    self.get_connection()
  File "/home/piyush/frappe-env/frappe-bench/apps/frappe/frappe/database/mariadb/mysqlclient.py", line 109, in get_connection
    conn = self._get_connection()
           ^^^^^^^^^^^^^^^^^^^^^^
  File "/home/piyush/frappe-env/frappe-bench/apps/frappe/frappe/database/mariadb/mysqlclient.py", line 114, in _get_connection
    return self.create_connection()
           ^^^^^^^^^^^^^^^^^^^^^^^^
  File "/home/piyush/frappe-env/frappe-bench/apps/frappe/frappe/database/mariadb/mysqlclient.py", line 117, in create_connection
    return MySQLdb.connect(**self.get_connection_settings())
           ^^^^^^^^^^^^^^^^^^^^^^^^^^^^^^^^^^^^^^^^^^^^^^^^^
  File "/home/piyush/frappe-env/frappe-bench/env/lib/python3.12/site-packages/MySQLdb/__init__.py", line 121, in Connect
    return Connection(*args, **kwargs)
           ^^^^^^^^^^^^^^^^^^^^^^^^^^^
  File "/home/piyush/frappe-env/frappe-bench/env/lib/python3.12/site-packages/MySQLdb/connections.py", line 200, in __init__
    super().__init__(*args, **kwargs2)
MySQLdb.OperationalError: (1045, "Access denied for user '_04d60aa677a7cd37'@'localhost' (using password: YES)")
2025-12-01 07:00:34,492 ERROR frappe Unable to load translations
Site: crm.localhost
Form Dict: {}
Traceback (most recent call last):
  File "/home/piyush/frappe-env/frappe-bench/apps/frappe/frappe/utils/caching.py", line 65, in wrapper
    return _cache[func][args_key]
           ~~~~~~~~~~~~^^^^^^^^^^
KeyError: ((), <object object at 0x710759920f80>, frozenset({('_ensure_on_bench', True)}))

During handling of the above exception, another exception occurred:

Traceback (most recent call last):
  File "/home/piyush/frappe-env/frappe-bench/apps/frappe/frappe/app.py", line 102, in application
    init_request(request)
  File "/home/piyush/frappe-env/frappe-bench/apps/frappe/frappe/app.py", line 178, in init_request
    frappe.init(site, sites_path=_sites_path, force=True)
  File "/home/piyush/frappe-env/frappe-bench/apps/frappe/frappe/__init__.py", line 208, in init
    setup_module_map(include_all_apps=not (frappe.request or frappe.job or frappe.flags.in_migrate))
  File "/home/piyush/frappe-env/frappe-bench/apps/frappe/frappe/__init__.py", line 1036, in setup_module_map
    apps = get_installed_apps(_ensure_on_bench=True)
           ^^^^^^^^^^^^^^^^^^^^^^^^^^^^^^^^^^^^^^^^^
  File "/home/piyush/frappe-env/frappe-bench/apps/frappe/frappe/utils/caching.py", line 71, in wrapper
    return_val = func(*args, **kwargs)
                 ^^^^^^^^^^^^^^^^^^^^^
  File "/home/piyush/frappe-env/frappe-bench/apps/frappe/frappe/__init__.py", line 916, in get_installed_apps
    installed = orjson.loads(db.get_global("installed_apps") or "[]")
                             ^^^^^^^^^^^^^^^^^^^^^^^^^^^^^^^
  File "/home/piyush/frappe-env/frappe-bench/apps/frappe/frappe/database/database.py", line 1144, in get_global
    return self.get_default(key, user)
           ^^^^^^^^^^^^^^^^^^^^^^^^^^^
  File "/home/piyush/frappe-env/frappe-bench/apps/frappe/frappe/database/database.py", line 1148, in get_default
    d = self.get_defaults(key, parent)
        ^^^^^^^^^^^^^^^^^^^^^^^^^^^^^^
  File "/home/piyush/frappe-env/frappe-bench/apps/frappe/frappe/database/database.py", line 1164, in get_defaults
    defaults = frappe.defaults.get_defaults_for(parent)
               ^^^^^^^^^^^^^^^^^^^^^^^^^^^^^^^^^^^^^^^^
  File "/home/piyush/frappe-env/frappe-bench/apps/frappe/frappe/defaults.py", line 249, in get_defaults_for
    .run(as_dict=True)
     ^^^^^^^^^^^^^^^^^
  File "/home/piyush/frappe-env/frappe-bench/apps/frappe/frappe/query_builder/utils.py", line 85, in execute_query
    result = frappe.local.db.sql(query, params, *args, **kwargs)  # nosemgrep
             ^^^^^^^^^^^^^^^^^^^^^^^^^^^^^^^^^^^^^^^^^^^^^^^^^^^
  File "/home/piyush/frappe-env/frappe-bench/apps/frappe/frappe/database/database.py", line 249, in sql
    self.connect()
  File "/home/piyush/frappe-env/frappe-bench/apps/frappe/frappe/database/database.py", line 147, in connect
    self.get_connection()
  File "/home/piyush/frappe-env/frappe-bench/apps/frappe/frappe/database/mariadb/mysqlclient.py", line 109, in get_connection
    conn = self._get_connection()
           ^^^^^^^^^^^^^^^^^^^^^^
  File "/home/piyush/frappe-env/frappe-bench/apps/frappe/frappe/database/mariadb/mysqlclient.py", line 114, in _get_connection
    return self.create_connection()
           ^^^^^^^^^^^^^^^^^^^^^^^^
  File "/home/piyush/frappe-env/frappe-bench/apps/frappe/frappe/database/mariadb/mysqlclient.py", line 117, in create_connection
    return MySQLdb.connect(**self.get_connection_settings())
           ^^^^^^^^^^^^^^^^^^^^^^^^^^^^^^^^^^^^^^^^^^^^^^^^^
  File "/home/piyush/frappe-env/frappe-bench/env/lib/python3.12/site-packages/MySQLdb/__init__.py", line 121, in Connect
    return Connection(*args, **kwargs)
           ^^^^^^^^^^^^^^^^^^^^^^^^^^^
  File "/home/piyush/frappe-env/frappe-bench/env/lib/python3.12/site-packages/MySQLdb/connections.py", line 200, in __init__
    super().__init__(*args, **kwargs2)
MySQLdb.OperationalError: (1045, "Access denied for user '_04d60aa677a7cd37'@'localhost' (using password: YES)")

During handling of the above exception, another exception occurred:

Traceback (most recent call last):
  File "/home/piyush/frappe-env/frappe-bench/apps/frappe/frappe/utils/caching.py", line 65, in wrapper
    return _cache[func][args_key]
           ~~~~~~~~~~~~^^^^^^^^^^
KeyError: ((), <object object at 0x710759920f80>, frozenset({('_ensure_on_bench', True)}))

During handling of the above exception, another exception occurred:

Traceback (most recent call last):
  File "/home/piyush/frappe-env/frappe-bench/apps/frappe/frappe/translate.py", line 174, in get_all_translations
    return frappe.cache.hget(MERGED_TRANSLATION_KEY, lang, generator=_merge_translations)
           ^^^^^^^^^^^^^^^^^^^^^^^^^^^^^^^^^^^^^^^^^^^^^^^^^^^^^^^^^^^^^^^^^^^^^^^^^^^^^^
  File "/home/piyush/frappe-env/frappe-bench/apps/frappe/frappe/utils/redis_wrapper.py", line 253, in hget
    value = generator()
            ^^^^^^^^^^^
  File "/home/piyush/frappe-env/frappe-bench/apps/frappe/frappe/translate.py", line 162, in _merge_translations
    all_translations.update(get_translations_from_apps(lang))
                            ^^^^^^^^^^^^^^^^^^^^^^^^^^^^^^^^
  File "/home/piyush/frappe-env/frappe-bench/apps/frappe/frappe/translate.py", line 189, in get_translations_from_apps
    for app in apps or frappe.get_installed_apps(_ensure_on_bench=True):
                       ^^^^^^^^^^^^^^^^^^^^^^^^^^^^^^^^^^^^^^^^^^^^^^^^
  File "/home/piyush/frappe-env/frappe-bench/apps/frappe/frappe/utils/caching.py", line 71, in wrapper
    return_val = func(*args, **kwargs)
                 ^^^^^^^^^^^^^^^^^^^^^
  File "/home/piyush/frappe-env/frappe-bench/apps/frappe/frappe/__init__.py", line 916, in get_installed_apps
    installed = orjson.loads(db.get_global("installed_apps") or "[]")
                             ^^^^^^^^^^^^^^^^^^^^^^^^^^^^^^^
  File "/home/piyush/frappe-env/frappe-bench/apps/frappe/frappe/database/database.py", line 1144, in get_global
    return self.get_default(key, user)
           ^^^^^^^^^^^^^^^^^^^^^^^^^^^
  File "/home/piyush/frappe-env/frappe-bench/apps/frappe/frappe/database/database.py", line 1148, in get_default
    d = self.get_defaults(key, parent)
        ^^^^^^^^^^^^^^^^^^^^^^^^^^^^^^
  File "/home/piyush/frappe-env/frappe-bench/apps/frappe/frappe/database/database.py", line 1164, in get_defaults
    defaults = frappe.defaults.get_defaults_for(parent)
               ^^^^^^^^^^^^^^^^^^^^^^^^^^^^^^^^^^^^^^^^
  File "/home/piyush/frappe-env/frappe-bench/apps/frappe/frappe/defaults.py", line 249, in get_defaults_for
    .run(as_dict=True)
     ^^^^^^^^^^^^^^^^^
  File "/home/piyush/frappe-env/frappe-bench/apps/frappe/frappe/query_builder/utils.py", line 85, in execute_query
    result = frappe.local.db.sql(query, params, *args, **kwargs)  # nosemgrep
             ^^^^^^^^^^^^^^^^^^^^^^^^^^^^^^^^^^^^^^^^^^^^^^^^^^^
  File "/home/piyush/frappe-env/frappe-bench/apps/frappe/frappe/database/database.py", line 249, in sql
    self.connect()
  File "/home/piyush/frappe-env/frappe-bench/apps/frappe/frappe/database/database.py", line 147, in connect
    self.get_connection()
  File "/home/piyush/frappe-env/frappe-bench/apps/frappe/frappe/database/mariadb/mysqlclient.py", line 109, in get_connection
    conn = self._get_connection()
           ^^^^^^^^^^^^^^^^^^^^^^
  File "/home/piyush/frappe-env/frappe-bench/apps/frappe/frappe/database/mariadb/mysqlclient.py", line 114, in _get_connection
    return self.create_connection()
           ^^^^^^^^^^^^^^^^^^^^^^^^
  File "/home/piyush/frappe-env/frappe-bench/apps/frappe/frappe/database/mariadb/mysqlclient.py", line 117, in create_connection
    return MySQLdb.connect(**self.get_connection_settings())
           ^^^^^^^^^^^^^^^^^^^^^^^^^^^^^^^^^^^^^^^^^^^^^^^^^
  File "/home/piyush/frappe-env/frappe-bench/env/lib/python3.12/site-packages/MySQLdb/__init__.py", line 121, in Connect
    return Connection(*args, **kwargs)
           ^^^^^^^^^^^^^^^^^^^^^^^^^^^
  File "/home/piyush/frappe-env/frappe-bench/env/lib/python3.12/site-packages/MySQLdb/connections.py", line 200, in __init__
    super().__init__(*args, **kwargs2)
MySQLdb.OperationalError: (1045, "Access denied for user '_04d60aa677a7cd37'@'localhost' (using password: YES)")
2025-12-01 07:00:40,593 ERROR frappe Unable to load translations
Site: crm.localhost
Form Dict: {}
Traceback (most recent call last):
  File "/home/piyush/frappe-env/frappe-bench/apps/frappe/frappe/utils/caching.py", line 65, in wrapper
    return _cache[func][args_key]
           ~~~~~~~~~~~~^^^^^^^^^^
KeyError: ((), <object object at 0x710759920f80>, frozenset({('_ensure_on_bench', True)}))

During handling of the above exception, another exception occurred:

Traceback (most recent call last):
  File "/home/piyush/frappe-env/frappe-bench/apps/frappe/frappe/app.py", line 102, in application
    init_request(request)
  File "/home/piyush/frappe-env/frappe-bench/apps/frappe/frappe/app.py", line 178, in init_request
    frappe.init(site, sites_path=_sites_path, force=True)
  File "/home/piyush/frappe-env/frappe-bench/apps/frappe/frappe/__init__.py", line 208, in init
    setup_module_map(include_all_apps=not (frappe.request or frappe.job or frappe.flags.in_migrate))
  File "/home/piyush/frappe-env/frappe-bench/apps/frappe/frappe/__init__.py", line 1036, in setup_module_map
    apps = get_installed_apps(_ensure_on_bench=True)
           ^^^^^^^^^^^^^^^^^^^^^^^^^^^^^^^^^^^^^^^^^
  File "/home/piyush/frappe-env/frappe-bench/apps/frappe/frappe/utils/caching.py", line 71, in wrapper
    return_val = func(*args, **kwargs)
                 ^^^^^^^^^^^^^^^^^^^^^
  File "/home/piyush/frappe-env/frappe-bench/apps/frappe/frappe/__init__.py", line 916, in get_installed_apps
    installed = orjson.loads(db.get_global("installed_apps") or "[]")
                             ^^^^^^^^^^^^^^^^^^^^^^^^^^^^^^^
  File "/home/piyush/frappe-env/frappe-bench/apps/frappe/frappe/database/database.py", line 1144, in get_global
    return self.get_default(key, user)
           ^^^^^^^^^^^^^^^^^^^^^^^^^^^
  File "/home/piyush/frappe-env/frappe-bench/apps/frappe/frappe/database/database.py", line 1148, in get_default
    d = self.get_defaults(key, parent)
        ^^^^^^^^^^^^^^^^^^^^^^^^^^^^^^
  File "/home/piyush/frappe-env/frappe-bench/apps/frappe/frappe/database/database.py", line 1164, in get_defaults
    defaults = frappe.defaults.get_defaults_for(parent)
               ^^^^^^^^^^^^^^^^^^^^^^^^^^^^^^^^^^^^^^^^
  File "/home/piyush/frappe-env/frappe-bench/apps/frappe/frappe/defaults.py", line 249, in get_defaults_for
    .run(as_dict=True)
     ^^^^^^^^^^^^^^^^^
  File "/home/piyush/frappe-env/frappe-bench/apps/frappe/frappe/query_builder/utils.py", line 85, in execute_query
    result = frappe.local.db.sql(query, params, *args, **kwargs)  # nosemgrep
             ^^^^^^^^^^^^^^^^^^^^^^^^^^^^^^^^^^^^^^^^^^^^^^^^^^^
  File "/home/piyush/frappe-env/frappe-bench/apps/frappe/frappe/database/database.py", line 249, in sql
    self.connect()
  File "/home/piyush/frappe-env/frappe-bench/apps/frappe/frappe/database/database.py", line 147, in connect
    self.get_connection()
  File "/home/piyush/frappe-env/frappe-bench/apps/frappe/frappe/database/mariadb/mysqlclient.py", line 109, in get_connection
    conn = self._get_connection()
           ^^^^^^^^^^^^^^^^^^^^^^
  File "/home/piyush/frappe-env/frappe-bench/apps/frappe/frappe/database/mariadb/mysqlclient.py", line 114, in _get_connection
    return self.create_connection()
           ^^^^^^^^^^^^^^^^^^^^^^^^
  File "/home/piyush/frappe-env/frappe-bench/apps/frappe/frappe/database/mariadb/mysqlclient.py", line 117, in create_connection
    return MySQLdb.connect(**self.get_connection_settings())
           ^^^^^^^^^^^^^^^^^^^^^^^^^^^^^^^^^^^^^^^^^^^^^^^^^
  File "/home/piyush/frappe-env/frappe-bench/env/lib/python3.12/site-packages/MySQLdb/__init__.py", line 121, in Connect
    return Connection(*args, **kwargs)
           ^^^^^^^^^^^^^^^^^^^^^^^^^^^
  File "/home/piyush/frappe-env/frappe-bench/env/lib/python3.12/site-packages/MySQLdb/connections.py", line 200, in __init__
    super().__init__(*args, **kwargs2)
MySQLdb.OperationalError: (1045, "Access denied for user '_04d60aa677a7cd37'@'localhost' (using password: YES)")

During handling of the above exception, another exception occurred:

Traceback (most recent call last):
  File "/home/piyush/frappe-env/frappe-bench/apps/frappe/frappe/utils/caching.py", line 65, in wrapper
    return _cache[func][args_key]
           ~~~~~~~~~~~~^^^^^^^^^^
KeyError: ((), <object object at 0x710759920f80>, frozenset({('_ensure_on_bench', True)}))

During handling of the above exception, another exception occurred:

Traceback (most recent call last):
  File "/home/piyush/frappe-env/frappe-bench/apps/frappe/frappe/translate.py", line 174, in get_all_translations
    return frappe.cache.hget(MERGED_TRANSLATION_KEY, lang, generator=_merge_translations)
           ^^^^^^^^^^^^^^^^^^^^^^^^^^^^^^^^^^^^^^^^^^^^^^^^^^^^^^^^^^^^^^^^^^^^^^^^^^^^^^
  File "/home/piyush/frappe-env/frappe-bench/apps/frappe/frappe/utils/redis_wrapper.py", line 253, in hget
    value = generator()
            ^^^^^^^^^^^
  File "/home/piyush/frappe-env/frappe-bench/apps/frappe/frappe/translate.py", line 162, in _merge_translations
    all_translations.update(get_translations_from_apps(lang))
                            ^^^^^^^^^^^^^^^^^^^^^^^^^^^^^^^^
  File "/home/piyush/frappe-env/frappe-bench/apps/frappe/frappe/translate.py", line 189, in get_translations_from_apps
    for app in apps or frappe.get_installed_apps(_ensure_on_bench=True):
                       ^^^^^^^^^^^^^^^^^^^^^^^^^^^^^^^^^^^^^^^^^^^^^^^^
  File "/home/piyush/frappe-env/frappe-bench/apps/frappe/frappe/utils/caching.py", line 71, in wrapper
    return_val = func(*args, **kwargs)
                 ^^^^^^^^^^^^^^^^^^^^^
  File "/home/piyush/frappe-env/frappe-bench/apps/frappe/frappe/__init__.py", line 916, in get_installed_apps
    installed = orjson.loads(db.get_global("installed_apps") or "[]")
                             ^^^^^^^^^^^^^^^^^^^^^^^^^^^^^^^
  File "/home/piyush/frappe-env/frappe-bench/apps/frappe/frappe/database/database.py", line 1144, in get_global
    return self.get_default(key, user)
           ^^^^^^^^^^^^^^^^^^^^^^^^^^^
  File "/home/piyush/frappe-env/frappe-bench/apps/frappe/frappe/database/database.py", line 1148, in get_default
    d = self.get_defaults(key, parent)
        ^^^^^^^^^^^^^^^^^^^^^^^^^^^^^^
  File "/home/piyush/frappe-env/frappe-bench/apps/frappe/frappe/database/database.py", line 1164, in get_defaults
    defaults = frappe.defaults.get_defaults_for(parent)
               ^^^^^^^^^^^^^^^^^^^^^^^^^^^^^^^^^^^^^^^^
  File "/home/piyush/frappe-env/frappe-bench/apps/frappe/frappe/defaults.py", line 249, in get_defaults_for
    .run(as_dict=True)
     ^^^^^^^^^^^^^^^^^
  File "/home/piyush/frappe-env/frappe-bench/apps/frappe/frappe/query_builder/utils.py", line 85, in execute_query
    result = frappe.local.db.sql(query, params, *args, **kwargs)  # nosemgrep
             ^^^^^^^^^^^^^^^^^^^^^^^^^^^^^^^^^^^^^^^^^^^^^^^^^^^
  File "/home/piyush/frappe-env/frappe-bench/apps/frappe/frappe/database/database.py", line 249, in sql
    self.connect()
  File "/home/piyush/frappe-env/frappe-bench/apps/frappe/frappe/database/database.py", line 147, in connect
    self.get_connection()
  File "/home/piyush/frappe-env/frappe-bench/apps/frappe/frappe/database/mariadb/mysqlclient.py", line 109, in get_connection
    conn = self._get_connection()
           ^^^^^^^^^^^^^^^^^^^^^^
  File "/home/piyush/frappe-env/frappe-bench/apps/frappe/frappe/database/mariadb/mysqlclient.py", line 114, in _get_connection
    return self.create_connection()
           ^^^^^^^^^^^^^^^^^^^^^^^^
  File "/home/piyush/frappe-env/frappe-bench/apps/frappe/frappe/database/mariadb/mysqlclient.py", line 117, in create_connection
    return MySQLdb.connect(**self.get_connection_settings())
           ^^^^^^^^^^^^^^^^^^^^^^^^^^^^^^^^^^^^^^^^^^^^^^^^^
  File "/home/piyush/frappe-env/frappe-bench/env/lib/python3.12/site-packages/MySQLdb/__init__.py", line 121, in Connect
    return Connection(*args, **kwargs)
           ^^^^^^^^^^^^^^^^^^^^^^^^^^^
  File "/home/piyush/frappe-env/frappe-bench/env/lib/python3.12/site-packages/MySQLdb/connections.py", line 200, in __init__
    super().__init__(*args, **kwargs2)
MySQLdb.OperationalError: (1045, "Access denied for user '_04d60aa677a7cd37'@'localhost' (using password: YES)")
2025-12-01 07:00:40,602 ERROR frappe Unable to load translations
Site: crm.localhost
Form Dict: {}
Traceback (most recent call last):
  File "/home/piyush/frappe-env/frappe-bench/apps/frappe/frappe/utils/caching.py", line 65, in wrapper
    return _cache[func][args_key]
           ~~~~~~~~~~~~^^^^^^^^^^
KeyError: ((), <object object at 0x710759920f80>, frozenset({('_ensure_on_bench', True)}))

During handling of the above exception, another exception occurred:

Traceback (most recent call last):
  File "/home/piyush/frappe-env/frappe-bench/apps/frappe/frappe/app.py", line 102, in application
    init_request(request)
  File "/home/piyush/frappe-env/frappe-bench/apps/frappe/frappe/app.py", line 178, in init_request
    frappe.init(site, sites_path=_sites_path, force=True)
  File "/home/piyush/frappe-env/frappe-bench/apps/frappe/frappe/__init__.py", line 208, in init
    setup_module_map(include_all_apps=not (frappe.request or frappe.job or frappe.flags.in_migrate))
  File "/home/piyush/frappe-env/frappe-bench/apps/frappe/frappe/__init__.py", line 1036, in setup_module_map
    apps = get_installed_apps(_ensure_on_bench=True)
           ^^^^^^^^^^^^^^^^^^^^^^^^^^^^^^^^^^^^^^^^^
  File "/home/piyush/frappe-env/frappe-bench/apps/frappe/frappe/utils/caching.py", line 71, in wrapper
    return_val = func(*args, **kwargs)
                 ^^^^^^^^^^^^^^^^^^^^^
  File "/home/piyush/frappe-env/frappe-bench/apps/frappe/frappe/__init__.py", line 916, in get_installed_apps
    installed = orjson.loads(db.get_global("installed_apps") or "[]")
                             ^^^^^^^^^^^^^^^^^^^^^^^^^^^^^^^
  File "/home/piyush/frappe-env/frappe-bench/apps/frappe/frappe/database/database.py", line 1144, in get_global
    return self.get_default(key, user)
           ^^^^^^^^^^^^^^^^^^^^^^^^^^^
  File "/home/piyush/frappe-env/frappe-bench/apps/frappe/frappe/database/database.py", line 1148, in get_default
    d = self.get_defaults(key, parent)
        ^^^^^^^^^^^^^^^^^^^^^^^^^^^^^^
  File "/home/piyush/frappe-env/frappe-bench/apps/frappe/frappe/database/database.py", line 1164, in get_defaults
    defaults = frappe.defaults.get_defaults_for(parent)
               ^^^^^^^^^^^^^^^^^^^^^^^^^^^^^^^^^^^^^^^^
  File "/home/piyush/frappe-env/frappe-bench/apps/frappe/frappe/defaults.py", line 249, in get_defaults_for
    .run(as_dict=True)
     ^^^^^^^^^^^^^^^^^
  File "/home/piyush/frappe-env/frappe-bench/apps/frappe/frappe/query_builder/utils.py", line 85, in execute_query
    result = frappe.local.db.sql(query, params, *args, **kwargs)  # nosemgrep
             ^^^^^^^^^^^^^^^^^^^^^^^^^^^^^^^^^^^^^^^^^^^^^^^^^^^
  File "/home/piyush/frappe-env/frappe-bench/apps/frappe/frappe/database/database.py", line 249, in sql
    self.connect()
  File "/home/piyush/frappe-env/frappe-bench/apps/frappe/frappe/database/database.py", line 147, in connect
    self.get_connection()
  File "/home/piyush/frappe-env/frappe-bench/apps/frappe/frappe/database/mariadb/mysqlclient.py", line 109, in get_connection
    conn = self._get_connection()
           ^^^^^^^^^^^^^^^^^^^^^^
  File "/home/piyush/frappe-env/frappe-bench/apps/frappe/frappe/database/mariadb/mysqlclient.py", line 114, in _get_connection
    return self.create_connection()
           ^^^^^^^^^^^^^^^^^^^^^^^^
  File "/home/piyush/frappe-env/frappe-bench/apps/frappe/frappe/database/mariadb/mysqlclient.py", line 117, in create_connection
    return MySQLdb.connect(**self.get_connection_settings())
           ^^^^^^^^^^^^^^^^^^^^^^^^^^^^^^^^^^^^^^^^^^^^^^^^^
  File "/home/piyush/frappe-env/frappe-bench/env/lib/python3.12/site-packages/MySQLdb/__init__.py", line 121, in Connect
    return Connection(*args, **kwargs)
           ^^^^^^^^^^^^^^^^^^^^^^^^^^^
  File "/home/piyush/frappe-env/frappe-bench/env/lib/python3.12/site-packages/MySQLdb/connections.py", line 200, in __init__
    super().__init__(*args, **kwargs2)
MySQLdb.OperationalError: (1045, "Access denied for user '_04d60aa677a7cd37'@'localhost' (using password: YES)")

During handling of the above exception, another exception occurred:

Traceback (most recent call last):
  File "/home/piyush/frappe-env/frappe-bench/apps/frappe/frappe/utils/caching.py", line 65, in wrapper
    return _cache[func][args_key]
           ~~~~~~~~~~~~^^^^^^^^^^
KeyError: ((), <object object at 0x710759920f80>, frozenset({('_ensure_on_bench', True)}))

During handling of the above exception, another exception occurred:

Traceback (most recent call last):
  File "/home/piyush/frappe-env/frappe-bench/apps/frappe/frappe/translate.py", line 174, in get_all_translations
    return frappe.cache.hget(MERGED_TRANSLATION_KEY, lang, generator=_merge_translations)
           ^^^^^^^^^^^^^^^^^^^^^^^^^^^^^^^^^^^^^^^^^^^^^^^^^^^^^^^^^^^^^^^^^^^^^^^^^^^^^^
  File "/home/piyush/frappe-env/frappe-bench/apps/frappe/frappe/utils/redis_wrapper.py", line 253, in hget
    value = generator()
            ^^^^^^^^^^^
  File "/home/piyush/frappe-env/frappe-bench/apps/frappe/frappe/translate.py", line 162, in _merge_translations
    all_translations.update(get_translations_from_apps(lang))
                            ^^^^^^^^^^^^^^^^^^^^^^^^^^^^^^^^
  File "/home/piyush/frappe-env/frappe-bench/apps/frappe/frappe/translate.py", line 189, in get_translations_from_apps
    for app in apps or frappe.get_installed_apps(_ensure_on_bench=True):
                       ^^^^^^^^^^^^^^^^^^^^^^^^^^^^^^^^^^^^^^^^^^^^^^^^
  File "/home/piyush/frappe-env/frappe-bench/apps/frappe/frappe/utils/caching.py", line 71, in wrapper
    return_val = func(*args, **kwargs)
                 ^^^^^^^^^^^^^^^^^^^^^
  File "/home/piyush/frappe-env/frappe-bench/apps/frappe/frappe/__init__.py", line 916, in get_installed_apps
    installed = orjson.loads(db.get_global("installed_apps") or "[]")
                             ^^^^^^^^^^^^^^^^^^^^^^^^^^^^^^^
  File "/home/piyush/frappe-env/frappe-bench/apps/frappe/frappe/database/database.py", line 1144, in get_global
    return self.get_default(key, user)
           ^^^^^^^^^^^^^^^^^^^^^^^^^^^
  File "/home/piyush/frappe-env/frappe-bench/apps/frappe/frappe/database/database.py", line 1148, in get_default
    d = self.get_defaults(key, parent)
        ^^^^^^^^^^^^^^^^^^^^^^^^^^^^^^
  File "/home/piyush/frappe-env/frappe-bench/apps/frappe/frappe/database/database.py", line 1164, in get_defaults
    defaults = frappe.defaults.get_defaults_for(parent)
               ^^^^^^^^^^^^^^^^^^^^^^^^^^^^^^^^^^^^^^^^
  File "/home/piyush/frappe-env/frappe-bench/apps/frappe/frappe/defaults.py", line 249, in get_defaults_for
    .run(as_dict=True)
     ^^^^^^^^^^^^^^^^^
  File "/home/piyush/frappe-env/frappe-bench/apps/frappe/frappe/query_builder/utils.py", line 85, in execute_query
    result = frappe.local.db.sql(query, params, *args, **kwargs)  # nosemgrep
             ^^^^^^^^^^^^^^^^^^^^^^^^^^^^^^^^^^^^^^^^^^^^^^^^^^^
  File "/home/piyush/frappe-env/frappe-bench/apps/frappe/frappe/database/database.py", line 249, in sql
    self.connect()
  File "/home/piyush/frappe-env/frappe-bench/apps/frappe/frappe/database/database.py", line 147, in connect
    self.get_connection()
  File "/home/piyush/frappe-env/frappe-bench/apps/frappe/frappe/database/mariadb/mysqlclient.py", line 109, in get_connection
    conn = self._get_connection()
           ^^^^^^^^^^^^^^^^^^^^^^
  File "/home/piyush/frappe-env/frappe-bench/apps/frappe/frappe/database/mariadb/mysqlclient.py", line 114, in _get_connection
    return self.create_connection()
           ^^^^^^^^^^^^^^^^^^^^^^^^
  File "/home/piyush/frappe-env/frappe-bench/apps/frappe/frappe/database/mariadb/mysqlclient.py", line 117, in create_connection
    return MySQLdb.connect(**self.get_connection_settings())
           ^^^^^^^^^^^^^^^^^^^^^^^^^^^^^^^^^^^^^^^^^^^^^^^^^
  File "/home/piyush/frappe-env/frappe-bench/env/lib/python3.12/site-packages/MySQLdb/__init__.py", line 121, in Connect
    return Connection(*args, **kwargs)
           ^^^^^^^^^^^^^^^^^^^^^^^^^^^
  File "/home/piyush/frappe-env/frappe-bench/env/lib/python3.12/site-packages/MySQLdb/connections.py", line 200, in __init__
    super().__init__(*args, **kwargs2)
MySQLdb.OperationalError: (1045, "Access denied for user '_04d60aa677a7cd37'@'localhost' (using password: YES)")
2025-12-01 07:00:42,049 ERROR frappe Unable to load translations
Site: crm.localhost
Form Dict: {}
Traceback (most recent call last):
  File "/home/piyush/frappe-env/frappe-bench/apps/frappe/frappe/utils/caching.py", line 65, in wrapper
    return _cache[func][args_key]
           ~~~~~~~~~~~~^^^^^^^^^^
KeyError: ((), <object object at 0x710759920f80>, frozenset({('_ensure_on_bench', True)}))

During handling of the above exception, another exception occurred:

Traceback (most recent call last):
  File "/home/piyush/frappe-env/frappe-bench/apps/frappe/frappe/app.py", line 102, in application
    init_request(request)
  File "/home/piyush/frappe-env/frappe-bench/apps/frappe/frappe/app.py", line 178, in init_request
    frappe.init(site, sites_path=_sites_path, force=True)
  File "/home/piyush/frappe-env/frappe-bench/apps/frappe/frappe/__init__.py", line 208, in init
    setup_module_map(include_all_apps=not (frappe.request or frappe.job or frappe.flags.in_migrate))
  File "/home/piyush/frappe-env/frappe-bench/apps/frappe/frappe/__init__.py", line 1036, in setup_module_map
    apps = get_installed_apps(_ensure_on_bench=True)
           ^^^^^^^^^^^^^^^^^^^^^^^^^^^^^^^^^^^^^^^^^
  File "/home/piyush/frappe-env/frappe-bench/apps/frappe/frappe/utils/caching.py", line 71, in wrapper
    return_val = func(*args, **kwargs)
                 ^^^^^^^^^^^^^^^^^^^^^
  File "/home/piyush/frappe-env/frappe-bench/apps/frappe/frappe/__init__.py", line 916, in get_installed_apps
    installed = orjson.loads(db.get_global("installed_apps") or "[]")
                             ^^^^^^^^^^^^^^^^^^^^^^^^^^^^^^^
  File "/home/piyush/frappe-env/frappe-bench/apps/frappe/frappe/database/database.py", line 1144, in get_global
    return self.get_default(key, user)
           ^^^^^^^^^^^^^^^^^^^^^^^^^^^
  File "/home/piyush/frappe-env/frappe-bench/apps/frappe/frappe/database/database.py", line 1148, in get_default
    d = self.get_defaults(key, parent)
        ^^^^^^^^^^^^^^^^^^^^^^^^^^^^^^
  File "/home/piyush/frappe-env/frappe-bench/apps/frappe/frappe/database/database.py", line 1164, in get_defaults
    defaults = frappe.defaults.get_defaults_for(parent)
               ^^^^^^^^^^^^^^^^^^^^^^^^^^^^^^^^^^^^^^^^
  File "/home/piyush/frappe-env/frappe-bench/apps/frappe/frappe/defaults.py", line 249, in get_defaults_for
    .run(as_dict=True)
     ^^^^^^^^^^^^^^^^^
  File "/home/piyush/frappe-env/frappe-bench/apps/frappe/frappe/query_builder/utils.py", line 85, in execute_query
    result = frappe.local.db.sql(query, params, *args, **kwargs)  # nosemgrep
             ^^^^^^^^^^^^^^^^^^^^^^^^^^^^^^^^^^^^^^^^^^^^^^^^^^^
  File "/home/piyush/frappe-env/frappe-bench/apps/frappe/frappe/database/database.py", line 249, in sql
    self.connect()
  File "/home/piyush/frappe-env/frappe-bench/apps/frappe/frappe/database/database.py", line 147, in connect
    self.get_connection()
  File "/home/piyush/frappe-env/frappe-bench/apps/frappe/frappe/database/mariadb/mysqlclient.py", line 109, in get_connection
    conn = self._get_connection()
           ^^^^^^^^^^^^^^^^^^^^^^
  File "/home/piyush/frappe-env/frappe-bench/apps/frappe/frappe/database/mariadb/mysqlclient.py", line 114, in _get_connection
    return self.create_connection()
           ^^^^^^^^^^^^^^^^^^^^^^^^
  File "/home/piyush/frappe-env/frappe-bench/apps/frappe/frappe/database/mariadb/mysqlclient.py", line 117, in create_connection
    return MySQLdb.connect(**self.get_connection_settings())
           ^^^^^^^^^^^^^^^^^^^^^^^^^^^^^^^^^^^^^^^^^^^^^^^^^
  File "/home/piyush/frappe-env/frappe-bench/env/lib/python3.12/site-packages/MySQLdb/__init__.py", line 121, in Connect
    return Connection(*args, **kwargs)
           ^^^^^^^^^^^^^^^^^^^^^^^^^^^
  File "/home/piyush/frappe-env/frappe-bench/env/lib/python3.12/site-packages/MySQLdb/connections.py", line 200, in __init__
    super().__init__(*args, **kwargs2)
MySQLdb.OperationalError: (1045, "Access denied for user '_04d60aa677a7cd37'@'localhost' (using password: YES)")

During handling of the above exception, another exception occurred:

Traceback (most recent call last):
  File "/home/piyush/frappe-env/frappe-bench/apps/frappe/frappe/utils/caching.py", line 65, in wrapper
    return _cache[func][args_key]
           ~~~~~~~~~~~~^^^^^^^^^^
KeyError: ((), <object object at 0x710759920f80>, frozenset({('_ensure_on_bench', True)}))

During handling of the above exception, another exception occurred:

Traceback (most recent call last):
  File "/home/piyush/frappe-env/frappe-bench/apps/frappe/frappe/translate.py", line 174, in get_all_translations
    return frappe.cache.hget(MERGED_TRANSLATION_KEY, lang, generator=_merge_translations)
           ^^^^^^^^^^^^^^^^^^^^^^^^^^^^^^^^^^^^^^^^^^^^^^^^^^^^^^^^^^^^^^^^^^^^^^^^^^^^^^
  File "/home/piyush/frappe-env/frappe-bench/apps/frappe/frappe/utils/redis_wrapper.py", line 253, in hget
    value = generator()
            ^^^^^^^^^^^
  File "/home/piyush/frappe-env/frappe-bench/apps/frappe/frappe/translate.py", line 162, in _merge_translations
    all_translations.update(get_translations_from_apps(lang))
                            ^^^^^^^^^^^^^^^^^^^^^^^^^^^^^^^^
  File "/home/piyush/frappe-env/frappe-bench/apps/frappe/frappe/translate.py", line 189, in get_translations_from_apps
    for app in apps or frappe.get_installed_apps(_ensure_on_bench=True):
                       ^^^^^^^^^^^^^^^^^^^^^^^^^^^^^^^^^^^^^^^^^^^^^^^^
  File "/home/piyush/frappe-env/frappe-bench/apps/frappe/frappe/utils/caching.py", line 71, in wrapper
    return_val = func(*args, **kwargs)
                 ^^^^^^^^^^^^^^^^^^^^^
  File "/home/piyush/frappe-env/frappe-bench/apps/frappe/frappe/__init__.py", line 916, in get_installed_apps
    installed = orjson.loads(db.get_global("installed_apps") or "[]")
                             ^^^^^^^^^^^^^^^^^^^^^^^^^^^^^^^
  File "/home/piyush/frappe-env/frappe-bench/apps/frappe/frappe/database/database.py", line 1144, in get_global
    return self.get_default(key, user)
           ^^^^^^^^^^^^^^^^^^^^^^^^^^^
  File "/home/piyush/frappe-env/frappe-bench/apps/frappe/frappe/database/database.py", line 1148, in get_default
    d = self.get_defaults(key, parent)
        ^^^^^^^^^^^^^^^^^^^^^^^^^^^^^^
  File "/home/piyush/frappe-env/frappe-bench/apps/frappe/frappe/database/database.py", line 1164, in get_defaults
    defaults = frappe.defaults.get_defaults_for(parent)
               ^^^^^^^^^^^^^^^^^^^^^^^^^^^^^^^^^^^^^^^^
  File "/home/piyush/frappe-env/frappe-bench/apps/frappe/frappe/defaults.py", line 249, in get_defaults_for
    .run(as_dict=True)
     ^^^^^^^^^^^^^^^^^
  File "/home/piyush/frappe-env/frappe-bench/apps/frappe/frappe/query_builder/utils.py", line 85, in execute_query
    result = frappe.local.db.sql(query, params, *args, **kwargs)  # nosemgrep
             ^^^^^^^^^^^^^^^^^^^^^^^^^^^^^^^^^^^^^^^^^^^^^^^^^^^
  File "/home/piyush/frappe-env/frappe-bench/apps/frappe/frappe/database/database.py", line 249, in sql
    self.connect()
  File "/home/piyush/frappe-env/frappe-bench/apps/frappe/frappe/database/database.py", line 147, in connect
    self.get_connection()
  File "/home/piyush/frappe-env/frappe-bench/apps/frappe/frappe/database/mariadb/mysqlclient.py", line 109, in get_connection
    conn = self._get_connection()
           ^^^^^^^^^^^^^^^^^^^^^^
  File "/home/piyush/frappe-env/frappe-bench/apps/frappe/frappe/database/mariadb/mysqlclient.py", line 114, in _get_connection
    return self.create_connection()
           ^^^^^^^^^^^^^^^^^^^^^^^^
  File "/home/piyush/frappe-env/frappe-bench/apps/frappe/frappe/database/mariadb/mysqlclient.py", line 117, in create_connection
    return MySQLdb.connect(**self.get_connection_settings())
           ^^^^^^^^^^^^^^^^^^^^^^^^^^^^^^^^^^^^^^^^^^^^^^^^^
  File "/home/piyush/frappe-env/frappe-bench/env/lib/python3.12/site-packages/MySQLdb/__init__.py", line 121, in Connect
    return Connection(*args, **kwargs)
           ^^^^^^^^^^^^^^^^^^^^^^^^^^^
  File "/home/piyush/frappe-env/frappe-bench/env/lib/python3.12/site-packages/MySQLdb/connections.py", line 200, in __init__
    super().__init__(*args, **kwargs2)
MySQLdb.OperationalError: (1045, "Access denied for user '_04d60aa677a7cd37'@'localhost' (using password: YES)")
2025-12-01 07:00:42,075 ERROR frappe Unable to load translations
Site: crm.localhost
Form Dict: {}
Traceback (most recent call last):
  File "/home/piyush/frappe-env/frappe-bench/apps/frappe/frappe/utils/caching.py", line 65, in wrapper
    return _cache[func][args_key]
           ~~~~~~~~~~~~^^^^^^^^^^
KeyError: ((), <object object at 0x710759920f80>, frozenset({('_ensure_on_bench', True)}))

During handling of the above exception, another exception occurred:

Traceback (most recent call last):
  File "/home/piyush/frappe-env/frappe-bench/apps/frappe/frappe/app.py", line 102, in application
    init_request(request)
  File "/home/piyush/frappe-env/frappe-bench/apps/frappe/frappe/app.py", line 178, in init_request
    frappe.init(site, sites_path=_sites_path, force=True)
  File "/home/piyush/frappe-env/frappe-bench/apps/frappe/frappe/__init__.py", line 208, in init
    setup_module_map(include_all_apps=not (frappe.request or frappe.job or frappe.flags.in_migrate))
  File "/home/piyush/frappe-env/frappe-bench/apps/frappe/frappe/__init__.py", line 1036, in setup_module_map
    apps = get_installed_apps(_ensure_on_bench=True)
           ^^^^^^^^^^^^^^^^^^^^^^^^^^^^^^^^^^^^^^^^^
  File "/home/piyush/frappe-env/frappe-bench/apps/frappe/frappe/utils/caching.py", line 71, in wrapper
    return_val = func(*args, **kwargs)
                 ^^^^^^^^^^^^^^^^^^^^^
  File "/home/piyush/frappe-env/frappe-bench/apps/frappe/frappe/__init__.py", line 916, in get_installed_apps
    installed = orjson.loads(db.get_global("installed_apps") or "[]")
                             ^^^^^^^^^^^^^^^^^^^^^^^^^^^^^^^
  File "/home/piyush/frappe-env/frappe-bench/apps/frappe/frappe/database/database.py", line 1144, in get_global
    return self.get_default(key, user)
           ^^^^^^^^^^^^^^^^^^^^^^^^^^^
  File "/home/piyush/frappe-env/frappe-bench/apps/frappe/frappe/database/database.py", line 1148, in get_default
    d = self.get_defaults(key, parent)
        ^^^^^^^^^^^^^^^^^^^^^^^^^^^^^^
  File "/home/piyush/frappe-env/frappe-bench/apps/frappe/frappe/database/database.py", line 1164, in get_defaults
    defaults = frappe.defaults.get_defaults_for(parent)
               ^^^^^^^^^^^^^^^^^^^^^^^^^^^^^^^^^^^^^^^^
  File "/home/piyush/frappe-env/frappe-bench/apps/frappe/frappe/defaults.py", line 249, in get_defaults_for
    .run(as_dict=True)
     ^^^^^^^^^^^^^^^^^
  File "/home/piyush/frappe-env/frappe-bench/apps/frappe/frappe/query_builder/utils.py", line 85, in execute_query
    result = frappe.local.db.sql(query, params, *args, **kwargs)  # nosemgrep
             ^^^^^^^^^^^^^^^^^^^^^^^^^^^^^^^^^^^^^^^^^^^^^^^^^^^
  File "/home/piyush/frappe-env/frappe-bench/apps/frappe/frappe/database/database.py", line 249, in sql
    self.connect()
  File "/home/piyush/frappe-env/frappe-bench/apps/frappe/frappe/database/database.py", line 147, in connect
    self.get_connection()
  File "/home/piyush/frappe-env/frappe-bench/apps/frappe/frappe/database/mariadb/mysqlclient.py", line 109, in get_connection
    conn = self._get_connection()
           ^^^^^^^^^^^^^^^^^^^^^^
  File "/home/piyush/frappe-env/frappe-bench/apps/frappe/frappe/database/mariadb/mysqlclient.py", line 114, in _get_connection
    return self.create_connection()
           ^^^^^^^^^^^^^^^^^^^^^^^^
  File "/home/piyush/frappe-env/frappe-bench/apps/frappe/frappe/database/mariadb/mysqlclient.py", line 117, in create_connection
    return MySQLdb.connect(**self.get_connection_settings())
           ^^^^^^^^^^^^^^^^^^^^^^^^^^^^^^^^^^^^^^^^^^^^^^^^^
  File "/home/piyush/frappe-env/frappe-bench/env/lib/python3.12/site-packages/MySQLdb/__init__.py", line 121, in Connect
    return Connection(*args, **kwargs)
           ^^^^^^^^^^^^^^^^^^^^^^^^^^^
  File "/home/piyush/frappe-env/frappe-bench/env/lib/python3.12/site-packages/MySQLdb/connections.py", line 200, in __init__
    super().__init__(*args, **kwargs2)
MySQLdb.OperationalError: (1045, "Access denied for user '_04d60aa677a7cd37'@'localhost' (using password: YES)")

During handling of the above exception, another exception occurred:

Traceback (most recent call last):
  File "/home/piyush/frappe-env/frappe-bench/apps/frappe/frappe/utils/caching.py", line 65, in wrapper
    return _cache[func][args_key]
           ~~~~~~~~~~~~^^^^^^^^^^
KeyError: ((), <object object at 0x710759920f80>, frozenset({('_ensure_on_bench', True)}))

During handling of the above exception, another exception occurred:

Traceback (most recent call last):
  File "/home/piyush/frappe-env/frappe-bench/apps/frappe/frappe/translate.py", line 174, in get_all_translations
    return frappe.cache.hget(MERGED_TRANSLATION_KEY, lang, generator=_merge_translations)
           ^^^^^^^^^^^^^^^^^^^^^^^^^^^^^^^^^^^^^^^^^^^^^^^^^^^^^^^^^^^^^^^^^^^^^^^^^^^^^^
  File "/home/piyush/frappe-env/frappe-bench/apps/frappe/frappe/utils/redis_wrapper.py", line 253, in hget
    value = generator()
            ^^^^^^^^^^^
  File "/home/piyush/frappe-env/frappe-bench/apps/frappe/frappe/translate.py", line 162, in _merge_translations
    all_translations.update(get_translations_from_apps(lang))
                            ^^^^^^^^^^^^^^^^^^^^^^^^^^^^^^^^
  File "/home/piyush/frappe-env/frappe-bench/apps/frappe/frappe/translate.py", line 189, in get_translations_from_apps
    for app in apps or frappe.get_installed_apps(_ensure_on_bench=True):
                       ^^^^^^^^^^^^^^^^^^^^^^^^^^^^^^^^^^^^^^^^^^^^^^^^
  File "/home/piyush/frappe-env/frappe-bench/apps/frappe/frappe/utils/caching.py", line 71, in wrapper
    return_val = func(*args, **kwargs)
                 ^^^^^^^^^^^^^^^^^^^^^
  File "/home/piyush/frappe-env/frappe-bench/apps/frappe/frappe/__init__.py", line 916, in get_installed_apps
    installed = orjson.loads(db.get_global("installed_apps") or "[]")
                             ^^^^^^^^^^^^^^^^^^^^^^^^^^^^^^^
  File "/home/piyush/frappe-env/frappe-bench/apps/frappe/frappe/database/database.py", line 1144, in get_global
    return self.get_default(key, user)
           ^^^^^^^^^^^^^^^^^^^^^^^^^^^
  File "/home/piyush/frappe-env/frappe-bench/apps/frappe/frappe/database/database.py", line 1148, in get_default
    d = self.get_defaults(key, parent)
        ^^^^^^^^^^^^^^^^^^^^^^^^^^^^^^
  File "/home/piyush/frappe-env/frappe-bench/apps/frappe/frappe/database/database.py", line 1164, in get_defaults
    defaults = frappe.defaults.get_defaults_for(parent)
               ^^^^^^^^^^^^^^^^^^^^^^^^^^^^^^^^^^^^^^^^
  File "/home/piyush/frappe-env/frappe-bench/apps/frappe/frappe/defaults.py", line 249, in get_defaults_for
    .run(as_dict=True)
     ^^^^^^^^^^^^^^^^^
  File "/home/piyush/frappe-env/frappe-bench/apps/frappe/frappe/query_builder/utils.py", line 85, in execute_query
    result = frappe.local.db.sql(query, params, *args, **kwargs)  # nosemgrep
             ^^^^^^^^^^^^^^^^^^^^^^^^^^^^^^^^^^^^^^^^^^^^^^^^^^^
  File "/home/piyush/frappe-env/frappe-bench/apps/frappe/frappe/database/database.py", line 249, in sql
    self.connect()
  File "/home/piyush/frappe-env/frappe-bench/apps/frappe/frappe/database/database.py", line 147, in connect
    self.get_connection()
  File "/home/piyush/frappe-env/frappe-bench/apps/frappe/frappe/database/mariadb/mysqlclient.py", line 109, in get_connection
    conn = self._get_connection()
           ^^^^^^^^^^^^^^^^^^^^^^
  File "/home/piyush/frappe-env/frappe-bench/apps/frappe/frappe/database/mariadb/mysqlclient.py", line 114, in _get_connection
    return self.create_connection()
           ^^^^^^^^^^^^^^^^^^^^^^^^
  File "/home/piyush/frappe-env/frappe-bench/apps/frappe/frappe/database/mariadb/mysqlclient.py", line 117, in create_connection
    return MySQLdb.connect(**self.get_connection_settings())
           ^^^^^^^^^^^^^^^^^^^^^^^^^^^^^^^^^^^^^^^^^^^^^^^^^
  File "/home/piyush/frappe-env/frappe-bench/env/lib/python3.12/site-packages/MySQLdb/__init__.py", line 121, in Connect
    return Connection(*args, **kwargs)
           ^^^^^^^^^^^^^^^^^^^^^^^^^^^
  File "/home/piyush/frappe-env/frappe-bench/env/lib/python3.12/site-packages/MySQLdb/connections.py", line 200, in __init__
    super().__init__(*args, **kwargs2)
MySQLdb.OperationalError: (1045, "Access denied for user '_04d60aa677a7cd37'@'localhost' (using password: YES)")
2025-12-01 07:00:42,778 ERROR frappe Unable to load translations
Site: crm.localhost
Form Dict: {}
Traceback (most recent call last):
  File "/home/piyush/frappe-env/frappe-bench/apps/frappe/frappe/utils/caching.py", line 65, in wrapper
    return _cache[func][args_key]
           ~~~~~~~~~~~~^^^^^^^^^^
KeyError: ((), <object object at 0x710759920f80>, frozenset({('_ensure_on_bench', True)}))

During handling of the above exception, another exception occurred:

Traceback (most recent call last):
  File "/home/piyush/frappe-env/frappe-bench/apps/frappe/frappe/app.py", line 102, in application
    init_request(request)
  File "/home/piyush/frappe-env/frappe-bench/apps/frappe/frappe/app.py", line 178, in init_request
    frappe.init(site, sites_path=_sites_path, force=True)
  File "/home/piyush/frappe-env/frappe-bench/apps/frappe/frappe/__init__.py", line 208, in init
    setup_module_map(include_all_apps=not (frappe.request or frappe.job or frappe.flags.in_migrate))
  File "/home/piyush/frappe-env/frappe-bench/apps/frappe/frappe/__init__.py", line 1036, in setup_module_map
    apps = get_installed_apps(_ensure_on_bench=True)
           ^^^^^^^^^^^^^^^^^^^^^^^^^^^^^^^^^^^^^^^^^
  File "/home/piyush/frappe-env/frappe-bench/apps/frappe/frappe/utils/caching.py", line 71, in wrapper
    return_val = func(*args, **kwargs)
                 ^^^^^^^^^^^^^^^^^^^^^
  File "/home/piyush/frappe-env/frappe-bench/apps/frappe/frappe/__init__.py", line 916, in get_installed_apps
    installed = orjson.loads(db.get_global("installed_apps") or "[]")
                             ^^^^^^^^^^^^^^^^^^^^^^^^^^^^^^^
  File "/home/piyush/frappe-env/frappe-bench/apps/frappe/frappe/database/database.py", line 1144, in get_global
    return self.get_default(key, user)
           ^^^^^^^^^^^^^^^^^^^^^^^^^^^
  File "/home/piyush/frappe-env/frappe-bench/apps/frappe/frappe/database/database.py", line 1148, in get_default
    d = self.get_defaults(key, parent)
        ^^^^^^^^^^^^^^^^^^^^^^^^^^^^^^
  File "/home/piyush/frappe-env/frappe-bench/apps/frappe/frappe/database/database.py", line 1164, in get_defaults
    defaults = frappe.defaults.get_defaults_for(parent)
               ^^^^^^^^^^^^^^^^^^^^^^^^^^^^^^^^^^^^^^^^
  File "/home/piyush/frappe-env/frappe-bench/apps/frappe/frappe/defaults.py", line 249, in get_defaults_for
    .run(as_dict=True)
     ^^^^^^^^^^^^^^^^^
  File "/home/piyush/frappe-env/frappe-bench/apps/frappe/frappe/query_builder/utils.py", line 85, in execute_query
    result = frappe.local.db.sql(query, params, *args, **kwargs)  # nosemgrep
             ^^^^^^^^^^^^^^^^^^^^^^^^^^^^^^^^^^^^^^^^^^^^^^^^^^^
  File "/home/piyush/frappe-env/frappe-bench/apps/frappe/frappe/database/database.py", line 249, in sql
    self.connect()
  File "/home/piyush/frappe-env/frappe-bench/apps/frappe/frappe/database/database.py", line 147, in connect
    self.get_connection()
  File "/home/piyush/frappe-env/frappe-bench/apps/frappe/frappe/database/mariadb/mysqlclient.py", line 109, in get_connection
    conn = self._get_connection()
           ^^^^^^^^^^^^^^^^^^^^^^
  File "/home/piyush/frappe-env/frappe-bench/apps/frappe/frappe/database/mariadb/mysqlclient.py", line 114, in _get_connection
    return self.create_connection()
           ^^^^^^^^^^^^^^^^^^^^^^^^
  File "/home/piyush/frappe-env/frappe-bench/apps/frappe/frappe/database/mariadb/mysqlclient.py", line 117, in create_connection
    return MySQLdb.connect(**self.get_connection_settings())
           ^^^^^^^^^^^^^^^^^^^^^^^^^^^^^^^^^^^^^^^^^^^^^^^^^
  File "/home/piyush/frappe-env/frappe-bench/env/lib/python3.12/site-packages/MySQLdb/__init__.py", line 121, in Connect
    return Connection(*args, **kwargs)
           ^^^^^^^^^^^^^^^^^^^^^^^^^^^
  File "/home/piyush/frappe-env/frappe-bench/env/lib/python3.12/site-packages/MySQLdb/connections.py", line 200, in __init__
    super().__init__(*args, **kwargs2)
MySQLdb.OperationalError: (1045, "Access denied for user '_04d60aa677a7cd37'@'localhost' (using password: YES)")

During handling of the above exception, another exception occurred:

Traceback (most recent call last):
  File "/home/piyush/frappe-env/frappe-bench/apps/frappe/frappe/utils/caching.py", line 65, in wrapper
    return _cache[func][args_key]
           ~~~~~~~~~~~~^^^^^^^^^^
KeyError: ((), <object object at 0x710759920f80>, frozenset({('_ensure_on_bench', True)}))

During handling of the above exception, another exception occurred:

Traceback (most recent call last):
  File "/home/piyush/frappe-env/frappe-bench/apps/frappe/frappe/translate.py", line 174, in get_all_translations
    return frappe.cache.hget(MERGED_TRANSLATION_KEY, lang, generator=_merge_translations)
           ^^^^^^^^^^^^^^^^^^^^^^^^^^^^^^^^^^^^^^^^^^^^^^^^^^^^^^^^^^^^^^^^^^^^^^^^^^^^^^
  File "/home/piyush/frappe-env/frappe-bench/apps/frappe/frappe/utils/redis_wrapper.py", line 253, in hget
    value = generator()
            ^^^^^^^^^^^
  File "/home/piyush/frappe-env/frappe-bench/apps/frappe/frappe/translate.py", line 162, in _merge_translations
    all_translations.update(get_translations_from_apps(lang))
                            ^^^^^^^^^^^^^^^^^^^^^^^^^^^^^^^^
  File "/home/piyush/frappe-env/frappe-bench/apps/frappe/frappe/translate.py", line 189, in get_translations_from_apps
    for app in apps or frappe.get_installed_apps(_ensure_on_bench=True):
                       ^^^^^^^^^^^^^^^^^^^^^^^^^^^^^^^^^^^^^^^^^^^^^^^^
  File "/home/piyush/frappe-env/frappe-bench/apps/frappe/frappe/utils/caching.py", line 71, in wrapper
    return_val = func(*args, **kwargs)
                 ^^^^^^^^^^^^^^^^^^^^^
  File "/home/piyush/frappe-env/frappe-bench/apps/frappe/frappe/__init__.py", line 916, in get_installed_apps
    installed = orjson.loads(db.get_global("installed_apps") or "[]")
                             ^^^^^^^^^^^^^^^^^^^^^^^^^^^^^^^
  File "/home/piyush/frappe-env/frappe-bench/apps/frappe/frappe/database/database.py", line 1144, in get_global
    return self.get_default(key, user)
           ^^^^^^^^^^^^^^^^^^^^^^^^^^^
  File "/home/piyush/frappe-env/frappe-bench/apps/frappe/frappe/database/database.py", line 1148, in get_default
    d = self.get_defaults(key, parent)
        ^^^^^^^^^^^^^^^^^^^^^^^^^^^^^^
  File "/home/piyush/frappe-env/frappe-bench/apps/frappe/frappe/database/database.py", line 1164, in get_defaults
    defaults = frappe.defaults.get_defaults_for(parent)
               ^^^^^^^^^^^^^^^^^^^^^^^^^^^^^^^^^^^^^^^^
  File "/home/piyush/frappe-env/frappe-bench/apps/frappe/frappe/defaults.py", line 249, in get_defaults_for
    .run(as_dict=True)
     ^^^^^^^^^^^^^^^^^
  File "/home/piyush/frappe-env/frappe-bench/apps/frappe/frappe/query_builder/utils.py", line 85, in execute_query
    result = frappe.local.db.sql(query, params, *args, **kwargs)  # nosemgrep
             ^^^^^^^^^^^^^^^^^^^^^^^^^^^^^^^^^^^^^^^^^^^^^^^^^^^
  File "/home/piyush/frappe-env/frappe-bench/apps/frappe/frappe/database/database.py", line 249, in sql
    self.connect()
  File "/home/piyush/frappe-env/frappe-bench/apps/frappe/frappe/database/database.py", line 147, in connect
    self.get_connection()
  File "/home/piyush/frappe-env/frappe-bench/apps/frappe/frappe/database/mariadb/mysqlclient.py", line 109, in get_connection
    conn = self._get_connection()
           ^^^^^^^^^^^^^^^^^^^^^^
  File "/home/piyush/frappe-env/frappe-bench/apps/frappe/frappe/database/mariadb/mysqlclient.py", line 114, in _get_connection
    return self.create_connection()
           ^^^^^^^^^^^^^^^^^^^^^^^^
  File "/home/piyush/frappe-env/frappe-bench/apps/frappe/frappe/database/mariadb/mysqlclient.py", line 117, in create_connection
    return MySQLdb.connect(**self.get_connection_settings())
           ^^^^^^^^^^^^^^^^^^^^^^^^^^^^^^^^^^^^^^^^^^^^^^^^^
  File "/home/piyush/frappe-env/frappe-bench/env/lib/python3.12/site-packages/MySQLdb/__init__.py", line 121, in Connect
    return Connection(*args, **kwargs)
           ^^^^^^^^^^^^^^^^^^^^^^^^^^^
  File "/home/piyush/frappe-env/frappe-bench/env/lib/python3.12/site-packages/MySQLdb/connections.py", line 200, in __init__
    super().__init__(*args, **kwargs2)
MySQLdb.OperationalError: (1045, "Access denied for user '_04d60aa677a7cd37'@'localhost' (using password: YES)")
2025-12-01 07:00:42,783 ERROR frappe Unable to load translations
Site: crm.localhost
Form Dict: {}
Traceback (most recent call last):
  File "/home/piyush/frappe-env/frappe-bench/apps/frappe/frappe/utils/caching.py", line 65, in wrapper
    return _cache[func][args_key]
           ~~~~~~~~~~~~^^^^^^^^^^
KeyError: ((), <object object at 0x710759920f80>, frozenset({('_ensure_on_bench', True)}))

During handling of the above exception, another exception occurred:

Traceback (most recent call last):
  File "/home/piyush/frappe-env/frappe-bench/apps/frappe/frappe/app.py", line 102, in application
    init_request(request)
  File "/home/piyush/frappe-env/frappe-bench/apps/frappe/frappe/app.py", line 178, in init_request
    frappe.init(site, sites_path=_sites_path, force=True)
  File "/home/piyush/frappe-env/frappe-bench/apps/frappe/frappe/__init__.py", line 208, in init
    setup_module_map(include_all_apps=not (frappe.request or frappe.job or frappe.flags.in_migrate))
  File "/home/piyush/frappe-env/frappe-bench/apps/frappe/frappe/__init__.py", line 1036, in setup_module_map
    apps = get_installed_apps(_ensure_on_bench=True)
           ^^^^^^^^^^^^^^^^^^^^^^^^^^^^^^^^^^^^^^^^^
  File "/home/piyush/frappe-env/frappe-bench/apps/frappe/frappe/utils/caching.py", line 71, in wrapper
    return_val = func(*args, **kwargs)
                 ^^^^^^^^^^^^^^^^^^^^^
  File "/home/piyush/frappe-env/frappe-bench/apps/frappe/frappe/__init__.py", line 916, in get_installed_apps
    installed = orjson.loads(db.get_global("installed_apps") or "[]")
                             ^^^^^^^^^^^^^^^^^^^^^^^^^^^^^^^
  File "/home/piyush/frappe-env/frappe-bench/apps/frappe/frappe/database/database.py", line 1144, in get_global
    return self.get_default(key, user)
           ^^^^^^^^^^^^^^^^^^^^^^^^^^^
  File "/home/piyush/frappe-env/frappe-bench/apps/frappe/frappe/database/database.py", line 1148, in get_default
    d = self.get_defaults(key, parent)
        ^^^^^^^^^^^^^^^^^^^^^^^^^^^^^^
  File "/home/piyush/frappe-env/frappe-bench/apps/frappe/frappe/database/database.py", line 1164, in get_defaults
    defaults = frappe.defaults.get_defaults_for(parent)
               ^^^^^^^^^^^^^^^^^^^^^^^^^^^^^^^^^^^^^^^^
  File "/home/piyush/frappe-env/frappe-bench/apps/frappe/frappe/defaults.py", line 249, in get_defaults_for
    .run(as_dict=True)
     ^^^^^^^^^^^^^^^^^
  File "/home/piyush/frappe-env/frappe-bench/apps/frappe/frappe/query_builder/utils.py", line 85, in execute_query
    result = frappe.local.db.sql(query, params, *args, **kwargs)  # nosemgrep
             ^^^^^^^^^^^^^^^^^^^^^^^^^^^^^^^^^^^^^^^^^^^^^^^^^^^
  File "/home/piyush/frappe-env/frappe-bench/apps/frappe/frappe/database/database.py", line 249, in sql
    self.connect()
  File "/home/piyush/frappe-env/frappe-bench/apps/frappe/frappe/database/database.py", line 147, in connect
    self.get_connection()
  File "/home/piyush/frappe-env/frappe-bench/apps/frappe/frappe/database/mariadb/mysqlclient.py", line 109, in get_connection
    conn = self._get_connection()
           ^^^^^^^^^^^^^^^^^^^^^^
  File "/home/piyush/frappe-env/frappe-bench/apps/frappe/frappe/database/mariadb/mysqlclient.py", line 114, in _get_connection
    return self.create_connection()
           ^^^^^^^^^^^^^^^^^^^^^^^^
  File "/home/piyush/frappe-env/frappe-bench/apps/frappe/frappe/database/mariadb/mysqlclient.py", line 117, in create_connection
    return MySQLdb.connect(**self.get_connection_settings())
           ^^^^^^^^^^^^^^^^^^^^^^^^^^^^^^^^^^^^^^^^^^^^^^^^^
  File "/home/piyush/frappe-env/frappe-bench/env/lib/python3.12/site-packages/MySQLdb/__init__.py", line 121, in Connect
    return Connection(*args, **kwargs)
           ^^^^^^^^^^^^^^^^^^^^^^^^^^^
  File "/home/piyush/frappe-env/frappe-bench/env/lib/python3.12/site-packages/MySQLdb/connections.py", line 200, in __init__
    super().__init__(*args, **kwargs2)
MySQLdb.OperationalError: (1045, "Access denied for user '_04d60aa677a7cd37'@'localhost' (using password: YES)")

During handling of the above exception, another exception occurred:

Traceback (most recent call last):
  File "/home/piyush/frappe-env/frappe-bench/apps/frappe/frappe/utils/caching.py", line 65, in wrapper
    return _cache[func][args_key]
           ~~~~~~~~~~~~^^^^^^^^^^
KeyError: ((), <object object at 0x710759920f80>, frozenset({('_ensure_on_bench', True)}))

During handling of the above exception, another exception occurred:

Traceback (most recent call last):
  File "/home/piyush/frappe-env/frappe-bench/apps/frappe/frappe/translate.py", line 174, in get_all_translations
    return frappe.cache.hget(MERGED_TRANSLATION_KEY, lang, generator=_merge_translations)
           ^^^^^^^^^^^^^^^^^^^^^^^^^^^^^^^^^^^^^^^^^^^^^^^^^^^^^^^^^^^^^^^^^^^^^^^^^^^^^^
  File "/home/piyush/frappe-env/frappe-bench/apps/frappe/frappe/utils/redis_wrapper.py", line 253, in hget
    value = generator()
            ^^^^^^^^^^^
  File "/home/piyush/frappe-env/frappe-bench/apps/frappe/frappe/translate.py", line 162, in _merge_translations
    all_translations.update(get_translations_from_apps(lang))
                            ^^^^^^^^^^^^^^^^^^^^^^^^^^^^^^^^
  File "/home/piyush/frappe-env/frappe-bench/apps/frappe/frappe/translate.py", line 189, in get_translations_from_apps
    for app in apps or frappe.get_installed_apps(_ensure_on_bench=True):
                       ^^^^^^^^^^^^^^^^^^^^^^^^^^^^^^^^^^^^^^^^^^^^^^^^
  File "/home/piyush/frappe-env/frappe-bench/apps/frappe/frappe/utils/caching.py", line 71, in wrapper
    return_val = func(*args, **kwargs)
                 ^^^^^^^^^^^^^^^^^^^^^
  File "/home/piyush/frappe-env/frappe-bench/apps/frappe/frappe/__init__.py", line 916, in get_installed_apps
    installed = orjson.loads(db.get_global("installed_apps") or "[]")
                             ^^^^^^^^^^^^^^^^^^^^^^^^^^^^^^^
  File "/home/piyush/frappe-env/frappe-bench/apps/frappe/frappe/database/database.py", line 1144, in get_global
    return self.get_default(key, user)
           ^^^^^^^^^^^^^^^^^^^^^^^^^^^
  File "/home/piyush/frappe-env/frappe-bench/apps/frappe/frappe/database/database.py", line 1148, in get_default
    d = self.get_defaults(key, parent)
        ^^^^^^^^^^^^^^^^^^^^^^^^^^^^^^
  File "/home/piyush/frappe-env/frappe-bench/apps/frappe/frappe/database/database.py", line 1164, in get_defaults
    defaults = frappe.defaults.get_defaults_for(parent)
               ^^^^^^^^^^^^^^^^^^^^^^^^^^^^^^^^^^^^^^^^
  File "/home/piyush/frappe-env/frappe-bench/apps/frappe/frappe/defaults.py", line 249, in get_defaults_for
    .run(as_dict=True)
     ^^^^^^^^^^^^^^^^^
  File "/home/piyush/frappe-env/frappe-bench/apps/frappe/frappe/query_builder/utils.py", line 85, in execute_query
    result = frappe.local.db.sql(query, params, *args, **kwargs)  # nosemgrep
             ^^^^^^^^^^^^^^^^^^^^^^^^^^^^^^^^^^^^^^^^^^^^^^^^^^^
  File "/home/piyush/frappe-env/frappe-bench/apps/frappe/frappe/database/database.py", line 249, in sql
    self.connect()
  File "/home/piyush/frappe-env/frappe-bench/apps/frappe/frappe/database/database.py", line 147, in connect
    self.get_connection()
  File "/home/piyush/frappe-env/frappe-bench/apps/frappe/frappe/database/mariadb/mysqlclient.py", line 109, in get_connection
    conn = self._get_connection()
           ^^^^^^^^^^^^^^^^^^^^^^
  File "/home/piyush/frappe-env/frappe-bench/apps/frappe/frappe/database/mariadb/mysqlclient.py", line 114, in _get_connection
    return self.create_connection()
           ^^^^^^^^^^^^^^^^^^^^^^^^
  File "/home/piyush/frappe-env/frappe-bench/apps/frappe/frappe/database/mariadb/mysqlclient.py", line 117, in create_connection
    return MySQLdb.connect(**self.get_connection_settings())
           ^^^^^^^^^^^^^^^^^^^^^^^^^^^^^^^^^^^^^^^^^^^^^^^^^
  File "/home/piyush/frappe-env/frappe-bench/env/lib/python3.12/site-packages/MySQLdb/__init__.py", line 121, in Connect
    return Connection(*args, **kwargs)
           ^^^^^^^^^^^^^^^^^^^^^^^^^^^
  File "/home/piyush/frappe-env/frappe-bench/env/lib/python3.12/site-packages/MySQLdb/connections.py", line 200, in __init__
    super().__init__(*args, **kwargs2)
MySQLdb.OperationalError: (1045, "Access denied for user '_04d60aa677a7cd37'@'localhost' (using password: YES)")
2025-12-01 07:00:43,337 ERROR frappe Unable to load translations
Site: crm.localhost
Form Dict: {}
Traceback (most recent call last):
  File "/home/piyush/frappe-env/frappe-bench/apps/frappe/frappe/utils/caching.py", line 65, in wrapper
    return _cache[func][args_key]
           ~~~~~~~~~~~~^^^^^^^^^^
KeyError: ((), <object object at 0x710759920f80>, frozenset({('_ensure_on_bench', True)}))

During handling of the above exception, another exception occurred:

Traceback (most recent call last):
  File "/home/piyush/frappe-env/frappe-bench/apps/frappe/frappe/app.py", line 102, in application
    init_request(request)
  File "/home/piyush/frappe-env/frappe-bench/apps/frappe/frappe/app.py", line 178, in init_request
    frappe.init(site, sites_path=_sites_path, force=True)
  File "/home/piyush/frappe-env/frappe-bench/apps/frappe/frappe/__init__.py", line 208, in init
    setup_module_map(include_all_apps=not (frappe.request or frappe.job or frappe.flags.in_migrate))
  File "/home/piyush/frappe-env/frappe-bench/apps/frappe/frappe/__init__.py", line 1036, in setup_module_map
    apps = get_installed_apps(_ensure_on_bench=True)
           ^^^^^^^^^^^^^^^^^^^^^^^^^^^^^^^^^^^^^^^^^
  File "/home/piyush/frappe-env/frappe-bench/apps/frappe/frappe/utils/caching.py", line 71, in wrapper
    return_val = func(*args, **kwargs)
                 ^^^^^^^^^^^^^^^^^^^^^
  File "/home/piyush/frappe-env/frappe-bench/apps/frappe/frappe/__init__.py", line 916, in get_installed_apps
    installed = orjson.loads(db.get_global("installed_apps") or "[]")
                             ^^^^^^^^^^^^^^^^^^^^^^^^^^^^^^^
  File "/home/piyush/frappe-env/frappe-bench/apps/frappe/frappe/database/database.py", line 1144, in get_global
    return self.get_default(key, user)
           ^^^^^^^^^^^^^^^^^^^^^^^^^^^
  File "/home/piyush/frappe-env/frappe-bench/apps/frappe/frappe/database/database.py", line 1148, in get_default
    d = self.get_defaults(key, parent)
        ^^^^^^^^^^^^^^^^^^^^^^^^^^^^^^
  File "/home/piyush/frappe-env/frappe-bench/apps/frappe/frappe/database/database.py", line 1164, in get_defaults
    defaults = frappe.defaults.get_defaults_for(parent)
               ^^^^^^^^^^^^^^^^^^^^^^^^^^^^^^^^^^^^^^^^
  File "/home/piyush/frappe-env/frappe-bench/apps/frappe/frappe/defaults.py", line 249, in get_defaults_for
    .run(as_dict=True)
     ^^^^^^^^^^^^^^^^^
  File "/home/piyush/frappe-env/frappe-bench/apps/frappe/frappe/query_builder/utils.py", line 85, in execute_query
    result = frappe.local.db.sql(query, params, *args, **kwargs)  # nosemgrep
             ^^^^^^^^^^^^^^^^^^^^^^^^^^^^^^^^^^^^^^^^^^^^^^^^^^^
  File "/home/piyush/frappe-env/frappe-bench/apps/frappe/frappe/database/database.py", line 249, in sql
    self.connect()
  File "/home/piyush/frappe-env/frappe-bench/apps/frappe/frappe/database/database.py", line 147, in connect
    self.get_connection()
  File "/home/piyush/frappe-env/frappe-bench/apps/frappe/frappe/database/mariadb/mysqlclient.py", line 109, in get_connection
    conn = self._get_connection()
           ^^^^^^^^^^^^^^^^^^^^^^
  File "/home/piyush/frappe-env/frappe-bench/apps/frappe/frappe/database/mariadb/mysqlclient.py", line 114, in _get_connection
    return self.create_connection()
           ^^^^^^^^^^^^^^^^^^^^^^^^
  File "/home/piyush/frappe-env/frappe-bench/apps/frappe/frappe/database/mariadb/mysqlclient.py", line 117, in create_connection
    return MySQLdb.connect(**self.get_connection_settings())
           ^^^^^^^^^^^^^^^^^^^^^^^^^^^^^^^^^^^^^^^^^^^^^^^^^
  File "/home/piyush/frappe-env/frappe-bench/env/lib/python3.12/site-packages/MySQLdb/__init__.py", line 121, in Connect
    return Connection(*args, **kwargs)
           ^^^^^^^^^^^^^^^^^^^^^^^^^^^
  File "/home/piyush/frappe-env/frappe-bench/env/lib/python3.12/site-packages/MySQLdb/connections.py", line 200, in __init__
    super().__init__(*args, **kwargs2)
MySQLdb.OperationalError: (1045, "Access denied for user '_04d60aa677a7cd37'@'localhost' (using password: YES)")

During handling of the above exception, another exception occurred:

Traceback (most recent call last):
  File "/home/piyush/frappe-env/frappe-bench/apps/frappe/frappe/utils/caching.py", line 65, in wrapper
    return _cache[func][args_key]
           ~~~~~~~~~~~~^^^^^^^^^^
KeyError: ((), <object object at 0x710759920f80>, frozenset({('_ensure_on_bench', True)}))

During handling of the above exception, another exception occurred:

Traceback (most recent call last):
  File "/home/piyush/frappe-env/frappe-bench/apps/frappe/frappe/translate.py", line 174, in get_all_translations
    return frappe.cache.hget(MERGED_TRANSLATION_KEY, lang, generator=_merge_translations)
           ^^^^^^^^^^^^^^^^^^^^^^^^^^^^^^^^^^^^^^^^^^^^^^^^^^^^^^^^^^^^^^^^^^^^^^^^^^^^^^
  File "/home/piyush/frappe-env/frappe-bench/apps/frappe/frappe/utils/redis_wrapper.py", line 253, in hget
    value = generator()
            ^^^^^^^^^^^
  File "/home/piyush/frappe-env/frappe-bench/apps/frappe/frappe/translate.py", line 162, in _merge_translations
    all_translations.update(get_translations_from_apps(lang))
                            ^^^^^^^^^^^^^^^^^^^^^^^^^^^^^^^^
  File "/home/piyush/frappe-env/frappe-bench/apps/frappe/frappe/translate.py", line 189, in get_translations_from_apps
    for app in apps or frappe.get_installed_apps(_ensure_on_bench=True):
                       ^^^^^^^^^^^^^^^^^^^^^^^^^^^^^^^^^^^^^^^^^^^^^^^^
  File "/home/piyush/frappe-env/frappe-bench/apps/frappe/frappe/utils/caching.py", line 71, in wrapper
    return_val = func(*args, **kwargs)
                 ^^^^^^^^^^^^^^^^^^^^^
  File "/home/piyush/frappe-env/frappe-bench/apps/frappe/frappe/__init__.py", line 916, in get_installed_apps
    installed = orjson.loads(db.get_global("installed_apps") or "[]")
                             ^^^^^^^^^^^^^^^^^^^^^^^^^^^^^^^
  File "/home/piyush/frappe-env/frappe-bench/apps/frappe/frappe/database/database.py", line 1144, in get_global
    return self.get_default(key, user)
           ^^^^^^^^^^^^^^^^^^^^^^^^^^^
  File "/home/piyush/frappe-env/frappe-bench/apps/frappe/frappe/database/database.py", line 1148, in get_default
    d = self.get_defaults(key, parent)
        ^^^^^^^^^^^^^^^^^^^^^^^^^^^^^^
  File "/home/piyush/frappe-env/frappe-bench/apps/frappe/frappe/database/database.py", line 1164, in get_defaults
    defaults = frappe.defaults.get_defaults_for(parent)
               ^^^^^^^^^^^^^^^^^^^^^^^^^^^^^^^^^^^^^^^^
  File "/home/piyush/frappe-env/frappe-bench/apps/frappe/frappe/defaults.py", line 249, in get_defaults_for
    .run(as_dict=True)
     ^^^^^^^^^^^^^^^^^
  File "/home/piyush/frappe-env/frappe-bench/apps/frappe/frappe/query_builder/utils.py", line 85, in execute_query
    result = frappe.local.db.sql(query, params, *args, **kwargs)  # nosemgrep
             ^^^^^^^^^^^^^^^^^^^^^^^^^^^^^^^^^^^^^^^^^^^^^^^^^^^
  File "/home/piyush/frappe-env/frappe-bench/apps/frappe/frappe/database/database.py", line 249, in sql
    self.connect()
  File "/home/piyush/frappe-env/frappe-bench/apps/frappe/frappe/database/database.py", line 147, in connect
    self.get_connection()
  File "/home/piyush/frappe-env/frappe-bench/apps/frappe/frappe/database/mariadb/mysqlclient.py", line 109, in get_connection
    conn = self._get_connection()
           ^^^^^^^^^^^^^^^^^^^^^^
  File "/home/piyush/frappe-env/frappe-bench/apps/frappe/frappe/database/mariadb/mysqlclient.py", line 114, in _get_connection
    return self.create_connection()
           ^^^^^^^^^^^^^^^^^^^^^^^^
  File "/home/piyush/frappe-env/frappe-bench/apps/frappe/frappe/database/mariadb/mysqlclient.py", line 117, in create_connection
    return MySQLdb.connect(**self.get_connection_settings())
           ^^^^^^^^^^^^^^^^^^^^^^^^^^^^^^^^^^^^^^^^^^^^^^^^^
  File "/home/piyush/frappe-env/frappe-bench/env/lib/python3.12/site-packages/MySQLdb/__init__.py", line 121, in Connect
    return Connection(*args, **kwargs)
           ^^^^^^^^^^^^^^^^^^^^^^^^^^^
  File "/home/piyush/frappe-env/frappe-bench/env/lib/python3.12/site-packages/MySQLdb/connections.py", line 200, in __init__
    super().__init__(*args, **kwargs2)
MySQLdb.OperationalError: (1045, "Access denied for user '_04d60aa677a7cd37'@'localhost' (using password: YES)")
2025-12-01 07:00:43,349 ERROR frappe Unable to load translations
Site: crm.localhost
Form Dict: {}
Traceback (most recent call last):
  File "/home/piyush/frappe-env/frappe-bench/apps/frappe/frappe/utils/caching.py", line 65, in wrapper
    return _cache[func][args_key]
           ~~~~~~~~~~~~^^^^^^^^^^
KeyError: ((), <object object at 0x710759920f80>, frozenset({('_ensure_on_bench', True)}))

During handling of the above exception, another exception occurred:

Traceback (most recent call last):
  File "/home/piyush/frappe-env/frappe-bench/apps/frappe/frappe/app.py", line 102, in application
    init_request(request)
  File "/home/piyush/frappe-env/frappe-bench/apps/frappe/frappe/app.py", line 178, in init_request
    frappe.init(site, sites_path=_sites_path, force=True)
  File "/home/piyush/frappe-env/frappe-bench/apps/frappe/frappe/__init__.py", line 208, in init
    setup_module_map(include_all_apps=not (frappe.request or frappe.job or frappe.flags.in_migrate))
  File "/home/piyush/frappe-env/frappe-bench/apps/frappe/frappe/__init__.py", line 1036, in setup_module_map
    apps = get_installed_apps(_ensure_on_bench=True)
           ^^^^^^^^^^^^^^^^^^^^^^^^^^^^^^^^^^^^^^^^^
  File "/home/piyush/frappe-env/frappe-bench/apps/frappe/frappe/utils/caching.py", line 71, in wrapper
    return_val = func(*args, **kwargs)
                 ^^^^^^^^^^^^^^^^^^^^^
  File "/home/piyush/frappe-env/frappe-bench/apps/frappe/frappe/__init__.py", line 916, in get_installed_apps
    installed = orjson.loads(db.get_global("installed_apps") or "[]")
                             ^^^^^^^^^^^^^^^^^^^^^^^^^^^^^^^
  File "/home/piyush/frappe-env/frappe-bench/apps/frappe/frappe/database/database.py", line 1144, in get_global
    return self.get_default(key, user)
           ^^^^^^^^^^^^^^^^^^^^^^^^^^^
  File "/home/piyush/frappe-env/frappe-bench/apps/frappe/frappe/database/database.py", line 1148, in get_default
    d = self.get_defaults(key, parent)
        ^^^^^^^^^^^^^^^^^^^^^^^^^^^^^^
  File "/home/piyush/frappe-env/frappe-bench/apps/frappe/frappe/database/database.py", line 1164, in get_defaults
    defaults = frappe.defaults.get_defaults_for(parent)
               ^^^^^^^^^^^^^^^^^^^^^^^^^^^^^^^^^^^^^^^^
  File "/home/piyush/frappe-env/frappe-bench/apps/frappe/frappe/defaults.py", line 249, in get_defaults_for
    .run(as_dict=True)
     ^^^^^^^^^^^^^^^^^
  File "/home/piyush/frappe-env/frappe-bench/apps/frappe/frappe/query_builder/utils.py", line 85, in execute_query
    result = frappe.local.db.sql(query, params, *args, **kwargs)  # nosemgrep
             ^^^^^^^^^^^^^^^^^^^^^^^^^^^^^^^^^^^^^^^^^^^^^^^^^^^
  File "/home/piyush/frappe-env/frappe-bench/apps/frappe/frappe/database/database.py", line 249, in sql
    self.connect()
  File "/home/piyush/frappe-env/frappe-bench/apps/frappe/frappe/database/database.py", line 147, in connect
    self.get_connection()
  File "/home/piyush/frappe-env/frappe-bench/apps/frappe/frappe/database/mariadb/mysqlclient.py", line 109, in get_connection
    conn = self._get_connection()
           ^^^^^^^^^^^^^^^^^^^^^^
  File "/home/piyush/frappe-env/frappe-bench/apps/frappe/frappe/database/mariadb/mysqlclient.py", line 114, in _get_connection
    return self.create_connection()
           ^^^^^^^^^^^^^^^^^^^^^^^^
  File "/home/piyush/frappe-env/frappe-bench/apps/frappe/frappe/database/mariadb/mysqlclient.py", line 117, in create_connection
    return MySQLdb.connect(**self.get_connection_settings())
           ^^^^^^^^^^^^^^^^^^^^^^^^^^^^^^^^^^^^^^^^^^^^^^^^^
  File "/home/piyush/frappe-env/frappe-bench/env/lib/python3.12/site-packages/MySQLdb/__init__.py", line 121, in Connect
    return Connection(*args, **kwargs)
           ^^^^^^^^^^^^^^^^^^^^^^^^^^^
  File "/home/piyush/frappe-env/frappe-bench/env/lib/python3.12/site-packages/MySQLdb/connections.py", line 200, in __init__
    super().__init__(*args, **kwargs2)
MySQLdb.OperationalError: (1045, "Access denied for user '_04d60aa677a7cd37'@'localhost' (using password: YES)")

During handling of the above exception, another exception occurred:

Traceback (most recent call last):
  File "/home/piyush/frappe-env/frappe-bench/apps/frappe/frappe/utils/caching.py", line 65, in wrapper
    return _cache[func][args_key]
           ~~~~~~~~~~~~^^^^^^^^^^
KeyError: ((), <object object at 0x710759920f80>, frozenset({('_ensure_on_bench', True)}))

During handling of the above exception, another exception occurred:

Traceback (most recent call last):
  File "/home/piyush/frappe-env/frappe-bench/apps/frappe/frappe/translate.py", line 174, in get_all_translations
    return frappe.cache.hget(MERGED_TRANSLATION_KEY, lang, generator=_merge_translations)
           ^^^^^^^^^^^^^^^^^^^^^^^^^^^^^^^^^^^^^^^^^^^^^^^^^^^^^^^^^^^^^^^^^^^^^^^^^^^^^^
  File "/home/piyush/frappe-env/frappe-bench/apps/frappe/frappe/utils/redis_wrapper.py", line 253, in hget
    value = generator()
            ^^^^^^^^^^^
  File "/home/piyush/frappe-env/frappe-bench/apps/frappe/frappe/translate.py", line 162, in _merge_translations
    all_translations.update(get_translations_from_apps(lang))
                            ^^^^^^^^^^^^^^^^^^^^^^^^^^^^^^^^
  File "/home/piyush/frappe-env/frappe-bench/apps/frappe/frappe/translate.py", line 189, in get_translations_from_apps
    for app in apps or frappe.get_installed_apps(_ensure_on_bench=True):
                       ^^^^^^^^^^^^^^^^^^^^^^^^^^^^^^^^^^^^^^^^^^^^^^^^
  File "/home/piyush/frappe-env/frappe-bench/apps/frappe/frappe/utils/caching.py", line 71, in wrapper
    return_val = func(*args, **kwargs)
                 ^^^^^^^^^^^^^^^^^^^^^
  File "/home/piyush/frappe-env/frappe-bench/apps/frappe/frappe/__init__.py", line 916, in get_installed_apps
    installed = orjson.loads(db.get_global("installed_apps") or "[]")
                             ^^^^^^^^^^^^^^^^^^^^^^^^^^^^^^^
  File "/home/piyush/frappe-env/frappe-bench/apps/frappe/frappe/database/database.py", line 1144, in get_global
    return self.get_default(key, user)
           ^^^^^^^^^^^^^^^^^^^^^^^^^^^
  File "/home/piyush/frappe-env/frappe-bench/apps/frappe/frappe/database/database.py", line 1148, in get_default
    d = self.get_defaults(key, parent)
        ^^^^^^^^^^^^^^^^^^^^^^^^^^^^^^
  File "/home/piyush/frappe-env/frappe-bench/apps/frappe/frappe/database/database.py", line 1164, in get_defaults
    defaults = frappe.defaults.get_defaults_for(parent)
               ^^^^^^^^^^^^^^^^^^^^^^^^^^^^^^^^^^^^^^^^
  File "/home/piyush/frappe-env/frappe-bench/apps/frappe/frappe/defaults.py", line 249, in get_defaults_for
    .run(as_dict=True)
     ^^^^^^^^^^^^^^^^^
  File "/home/piyush/frappe-env/frappe-bench/apps/frappe/frappe/query_builder/utils.py", line 85, in execute_query
    result = frappe.local.db.sql(query, params, *args, **kwargs)  # nosemgrep
             ^^^^^^^^^^^^^^^^^^^^^^^^^^^^^^^^^^^^^^^^^^^^^^^^^^^
  File "/home/piyush/frappe-env/frappe-bench/apps/frappe/frappe/database/database.py", line 249, in sql
    self.connect()
  File "/home/piyush/frappe-env/frappe-bench/apps/frappe/frappe/database/database.py", line 147, in connect
    self.get_connection()
  File "/home/piyush/frappe-env/frappe-bench/apps/frappe/frappe/database/mariadb/mysqlclient.py", line 109, in get_connection
    conn = self._get_connection()
           ^^^^^^^^^^^^^^^^^^^^^^
  File "/home/piyush/frappe-env/frappe-bench/apps/frappe/frappe/database/mariadb/mysqlclient.py", line 114, in _get_connection
    return self.create_connection()
           ^^^^^^^^^^^^^^^^^^^^^^^^
  File "/home/piyush/frappe-env/frappe-bench/apps/frappe/frappe/database/mariadb/mysqlclient.py", line 117, in create_connection
    return MySQLdb.connect(**self.get_connection_settings())
           ^^^^^^^^^^^^^^^^^^^^^^^^^^^^^^^^^^^^^^^^^^^^^^^^^
  File "/home/piyush/frappe-env/frappe-bench/env/lib/python3.12/site-packages/MySQLdb/__init__.py", line 121, in Connect
    return Connection(*args, **kwargs)
           ^^^^^^^^^^^^^^^^^^^^^^^^^^^
  File "/home/piyush/frappe-env/frappe-bench/env/lib/python3.12/site-packages/MySQLdb/connections.py", line 200, in __init__
    super().__init__(*args, **kwargs2)
MySQLdb.OperationalError: (1045, "Access denied for user '_04d60aa677a7cd37'@'localhost' (using password: YES)")
